{"C:\\Users\\javie\\Documents\\GLOBANT\\globant-bootcamps-node\\exercises\\chapter_7\\src\\api-server\\resources\\profiles\\actions.js": {"path":"C:\\Users\\javie\\Documents\\GLOBANT\\globant-bootcamps-node\\exercises\\chapter_7\\src\\api-server\\resources\\profiles\\actions.js","statementMap":{},"fnMap":{},"branchMap":{},"s":{},"f":{},"b":{},"_coverageSchema":"43e27e138ebf9cfc5966b082cf9a028302ed4184","hash":"77be59fd557601e9fe102141a213b8b3b31529f9"}
,"C:\\Users\\javie\\Documents\\GLOBANT\\globant-bootcamps-node\\exercises\\chapter_7\\src\\api-server\\resources\\profiles\\controllers.js": {"path":"C:\\Users\\javie\\Documents\\GLOBANT\\globant-bootcamps-node\\exercises\\chapter_7\\src\\api-server\\resources\\profiles\\controllers.js","statementMap":{"0":{"start":{"line":4,"column":10},"end":{"line":4,"column":27}},"1":{"start":{"line":5,"column":16},"end":{"line":5,"column":36}},"2":{"start":{"line":6,"column":15},"end":{"line":6,"column":44}},"3":{"start":{"line":9,"column":0},"end":{"line":18,"column":2}},"4":{"start":{"line":28,"column":21},"end":{"line":33,"column":6}},"5":{"start":{"line":35,"column":4},"end":{"line":35,"column":39}},"6":{"start":{"line":41,"column":19},"end":{"line":41,"column":29}},"7":{"start":{"line":42,"column":20},"end":{"line":45,"column":6}},"8":{"start":{"line":47,"column":4},"end":{"line":53,"column":5}},"9":{"start":{"line":48,"column":8},"end":{"line":48,"column":62}},"10":{"start":{"line":51,"column":8},"end":{"line":51,"column":38}},"11":{"start":{"line":59,"column":34},"end":{"line":59,"column":42}},"12":{"start":{"line":62,"column":23},"end":{"line":67,"column":10}},"13":{"start":{"line":70,"column":4},"end":{"line":70,"column":62}},"14":{"start":{"line":75,"column":19},"end":{"line":75,"column":29}},"15":{"start":{"line":77,"column":20},"end":{"line":81,"column":6}},"16":{"start":{"line":83,"column":4},"end":{"line":87,"column":5}},"17":{"start":{"line":84,"column":8},"end":{"line":84,"column":80}},"18":{"start":{"line":86,"column":8},"end":{"line":86,"column":77}},"19":{"start":{"line":92,"column":19},"end":{"line":92,"column":29}},"20":{"start":{"line":93,"column":34},"end":{"line":93,"column":42}},"21":{"start":{"line":95,"column":20},"end":{"line":98,"column":6}},"22":{"start":{"line":102,"column":27},"end":{"line":109,"column":10}},"23":{"start":{"line":111,"column":4},"end":{"line":122,"column":5}},"24":{"start":{"line":112,"column":8},"end":{"line":115,"column":11}},"25":{"start":{"line":117,"column":8},"end":{"line":120,"column":11}},"26":{"start":{"line":126,"column":19},"end":{"line":126,"column":29}},"27":{"start":{"line":127,"column":20},"end":{"line":130,"column":6}},"28":{"start":{"line":131,"column":25},"end":{"line":131,"column":123}},"29":{"start":{"line":133,"column":4},"end":{"line":144,"column":5}},"30":{"start":{"line":134,"column":8},"end":{"line":137,"column":11}},"31":{"start":{"line":140,"column":8},"end":{"line":143,"column":11}}},"fnMap":{"0":{"name":"getAll","decl":{"start":{"line":27,"column":15},"end":{"line":27,"column":21}},"loc":{"start":{"line":27,"column":32},"end":{"line":37,"column":1}},"line":27},"1":{"name":"getOneByid","decl":{"start":{"line":39,"column":15},"end":{"line":39,"column":25}},"loc":{"start":{"line":39,"column":36},"end":{"line":56,"column":1}},"line":39},"2":{"name":"createProfile","decl":{"start":{"line":58,"column":15},"end":{"line":58,"column":28}},"loc":{"start":{"line":58,"column":39},"end":{"line":72,"column":1}},"line":58},"3":{"name":"deleteProfile","decl":{"start":{"line":74,"column":15},"end":{"line":74,"column":28}},"loc":{"start":{"line":74,"column":39},"end":{"line":88,"column":1}},"line":74},"4":{"name":"updateProfile","decl":{"start":{"line":90,"column":15},"end":{"line":90,"column":28}},"loc":{"start":{"line":90,"column":39},"end":{"line":123,"column":1}},"line":90},"5":{"name":"assignprofile","decl":{"start":{"line":125,"column":15},"end":{"line":125,"column":28}},"loc":{"start":{"line":125,"column":39},"end":{"line":145,"column":1}},"line":125}},"branchMap":{"0":{"loc":{"start":{"line":47,"column":4},"end":{"line":53,"column":5}},"type":"if","locations":[{"start":{"line":47,"column":4},"end":{"line":53,"column":5}},{"start":{"line":47,"column":4},"end":{"line":53,"column":5}}],"line":47},"1":{"loc":{"start":{"line":83,"column":4},"end":{"line":87,"column":5}},"type":"if","locations":[{"start":{"line":83,"column":4},"end":{"line":87,"column":5}},{"start":{"line":83,"column":4},"end":{"line":87,"column":5}}],"line":83},"2":{"loc":{"start":{"line":111,"column":4},"end":{"line":122,"column":5}},"type":"if","locations":[{"start":{"line":111,"column":4},"end":{"line":122,"column":5}},{"start":{"line":111,"column":4},"end":{"line":122,"column":5}}],"line":111},"3":{"loc":{"start":{"line":133,"column":4},"end":{"line":144,"column":5}},"type":"if","locations":[{"start":{"line":133,"column":4},"end":{"line":144,"column":5}},{"start":{"line":133,"column":4},"end":{"line":144,"column":5}}],"line":133}},"s":{"0":1,"1":1,"2":1,"3":1,"4":1,"5":1,"6":1,"7":1,"8":1,"9":0,"10":1,"11":1,"12":1,"13":1,"14":1,"15":1,"16":1,"17":1,"18":0,"19":1,"20":1,"21":1,"22":1,"23":1,"24":1,"25":0,"26":1,"27":1,"28":1,"29":1,"30":1,"31":0},"f":{"0":1,"1":1,"2":1,"3":1,"4":1,"5":1},"b":{"0":[0,1],"1":[1,0],"2":[1,0],"3":[1,0]},"_coverageSchema":"43e27e138ebf9cfc5966b082cf9a028302ed4184","hash":"7d8b7d36a938dddacdc6a4a550ca3cce2a49659e"}
,"C:\\Users\\javie\\Documents\\GLOBANT\\globant-bootcamps-node\\exercises\\chapter_7\\src\\api-server\\resources\\roles\\actions.js": {"path":"C:\\Users\\javie\\Documents\\GLOBANT\\globant-bootcamps-node\\exercises\\chapter_7\\src\\api-server\\resources\\roles\\actions.js","statementMap":{},"fnMap":{},"branchMap":{},"s":{},"f":{},"b":{},"_coverageSchema":"43e27e138ebf9cfc5966b082cf9a028302ed4184","hash":"952d8b727b17ae34cfa1172a5078816d75346836"}
,"C:\\Users\\javie\\Documents\\GLOBANT\\globant-bootcamps-node\\exercises\\chapter_7\\src\\api-server\\resources\\roles\\controllers.js": {"path":"C:\\Users\\javie\\Documents\\GLOBANT\\globant-bootcamps-node\\exercises\\chapter_7\\src\\api-server\\resources\\roles\\controllers.js","statementMap":{"0":{"start":{"line":4,"column":10},"end":{"line":4,"column":27}},"1":{"start":{"line":5,"column":16},"end":{"line":5,"column":36}},"2":{"start":{"line":6,"column":15},"end":{"line":6,"column":44}},"3":{"start":{"line":10,"column":0},"end":{"line":18,"column":2}},"4":{"start":{"line":28,"column":18},"end":{"line":33,"column":6}},"5":{"start":{"line":34,"column":4},"end":{"line":34,"column":26}},"6":{"start":{"line":35,"column":4},"end":{"line":35,"column":36}},"7":{"start":{"line":41,"column":17},"end":{"line":41,"column":27}},"8":{"start":{"line":42,"column":16},"end":{"line":45,"column":6}},"9":{"start":{"line":47,"column":4},"end":{"line":53,"column":5}},"10":{"start":{"line":48,"column":8},"end":{"line":48,"column":62}},"11":{"start":{"line":51,"column":8},"end":{"line":51,"column":34}},"12":{"start":{"line":60,"column":19},"end":{"line":60,"column":27}},"13":{"start":{"line":62,"column":19},"end":{"line":66,"column":6}},"14":{"start":{"line":67,"column":4},"end":{"line":67,"column":55}},"15":{"start":{"line":72,"column":17},"end":{"line":72,"column":27}},"16":{"start":{"line":74,"column":20},"end":{"line":78,"column":6}},"17":{"start":{"line":80,"column":4},"end":{"line":84,"column":5}},"18":{"start":{"line":81,"column":8},"end":{"line":81,"column":76}},"19":{"start":{"line":83,"column":8},"end":{"line":83,"column":73}},"20":{"start":{"line":92,"column":19},"end":{"line":92,"column":29}},"21":{"start":{"line":93,"column":21},"end":{"line":93,"column":29}},"22":{"start":{"line":95,"column":16},"end":{"line":98,"column":6}},"23":{"start":{"line":102,"column":23},"end":{"line":107,"column":10}},"24":{"start":{"line":108,"column":4},"end":{"line":118,"column":5}},"25":{"start":{"line":109,"column":8},"end":{"line":112,"column":11}},"26":{"start":{"line":114,"column":8},"end":{"line":117,"column":11}}},"fnMap":{"0":{"name":"getAll","decl":{"start":{"line":27,"column":15},"end":{"line":27,"column":21}},"loc":{"start":{"line":27,"column":32},"end":{"line":37,"column":1}},"line":27},"1":{"name":"getOneById","decl":{"start":{"line":40,"column":15},"end":{"line":40,"column":25}},"loc":{"start":{"line":40,"column":35},"end":{"line":55,"column":1}},"line":40},"2":{"name":"createRol","decl":{"start":{"line":59,"column":15},"end":{"line":59,"column":24}},"loc":{"start":{"line":59,"column":33},"end":{"line":69,"column":1}},"line":59},"3":{"name":"deleteRol","decl":{"start":{"line":71,"column":15},"end":{"line":71,"column":24}},"loc":{"start":{"line":71,"column":33},"end":{"line":87,"column":1}},"line":71},"4":{"name":"updateRol","decl":{"start":{"line":90,"column":15},"end":{"line":90,"column":24}},"loc":{"start":{"line":90,"column":35},"end":{"line":120,"column":1}},"line":90}},"branchMap":{"0":{"loc":{"start":{"line":47,"column":4},"end":{"line":53,"column":5}},"type":"if","locations":[{"start":{"line":47,"column":4},"end":{"line":53,"column":5}},{"start":{"line":47,"column":4},"end":{"line":53,"column":5}}],"line":47},"1":{"loc":{"start":{"line":80,"column":4},"end":{"line":84,"column":5}},"type":"if","locations":[{"start":{"line":80,"column":4},"end":{"line":84,"column":5}},{"start":{"line":80,"column":4},"end":{"line":84,"column":5}}],"line":80},"2":{"loc":{"start":{"line":108,"column":4},"end":{"line":118,"column":5}},"type":"if","locations":[{"start":{"line":108,"column":4},"end":{"line":118,"column":5}},{"start":{"line":108,"column":4},"end":{"line":118,"column":5}}],"line":108}},"s":{"0":1,"1":1,"2":1,"3":1,"4":1,"5":1,"6":1,"7":1,"8":1,"9":1,"10":0,"11":1,"12":1,"13":1,"14":1,"15":1,"16":1,"17":1,"18":1,"19":0,"20":1,"21":1,"22":1,"23":1,"24":1,"25":1,"26":0},"f":{"0":1,"1":1,"2":1,"3":1,"4":1},"b":{"0":[0,1],"1":[1,0],"2":[1,0]},"_coverageSchema":"43e27e138ebf9cfc5966b082cf9a028302ed4184","hash":"af08023c0d8a5402e8fe90d4316f369d2ca5f0d7"}
,"C:\\Users\\javie\\Documents\\GLOBANT\\globant-bootcamps-node\\exercises\\chapter_7\\src\\api-server\\resources\\users\\actions.js": {"path":"C:\\Users\\javie\\Documents\\GLOBANT\\globant-bootcamps-node\\exercises\\chapter_7\\src\\api-server\\resources\\users\\actions.js","statementMap":{},"fnMap":{},"branchMap":{},"s":{},"f":{},"b":{},"_coverageSchema":"43e27e138ebf9cfc5966b082cf9a028302ed4184","hash":"e2a527079b629ebcda7b81b35be57a8fa8853b3f"}
,"C:\\Users\\javie\\Documents\\GLOBANT\\globant-bootcamps-node\\exercises\\chapter_7\\src\\api-server\\resources\\users\\controllers.js": {"path":"C:\\Users\\javie\\Documents\\GLOBANT\\globant-bootcamps-node\\exercises\\chapter_7\\src\\api-server\\resources\\users\\controllers.js","statementMap":{"0":{"start":{"line":5,"column":15},"end":{"line":5,"column":44}},"1":{"start":{"line":6,"column":10},"end":{"line":6,"column":27}},"2":{"start":{"line":7,"column":16},"end":{"line":7,"column":36}},"3":{"start":{"line":10,"column":0},"end":{"line":20,"column":2}},"4":{"start":{"line":30,"column":18},"end":{"line":43,"column":6}},"5":{"start":{"line":44,"column":4},"end":{"line":44,"column":26}},"6":{"start":{"line":45,"column":4},"end":{"line":45,"column":36}},"7":{"start":{"line":52,"column":19},"end":{"line":52,"column":29}},"8":{"start":{"line":53,"column":17},"end":{"line":56,"column":6}},"9":{"start":{"line":60,"column":4},"end":{"line":66,"column":5}},"10":{"start":{"line":61,"column":8},"end":{"line":61,"column":62}},"11":{"start":{"line":64,"column":8},"end":{"line":64,"column":35}},"12":{"start":{"line":85,"column":48},"end":{"line":85,"column":56}},"13":{"start":{"line":88,"column":20},"end":{"line":95,"column":10}},"14":{"start":{"line":98,"column":4},"end":{"line":98,"column":59}},"15":{"start":{"line":103,"column":19},"end":{"line":103,"column":29}},"16":{"start":{"line":105,"column":20},"end":{"line":109,"column":6}},"17":{"start":{"line":111,"column":4},"end":{"line":115,"column":5}},"18":{"start":{"line":112,"column":8},"end":{"line":112,"column":77}},"19":{"start":{"line":114,"column":8},"end":{"line":114,"column":74}},"20":{"start":{"line":120,"column":19},"end":{"line":120,"column":29}},"21":{"start":{"line":121,"column":48},"end":{"line":121,"column":56}},"22":{"start":{"line":123,"column":17},"end":{"line":126,"column":6}},"23":{"start":{"line":130,"column":24},"end":{"line":139,"column":10}},"24":{"start":{"line":140,"column":4},"end":{"line":150,"column":5}},"25":{"start":{"line":141,"column":8},"end":{"line":144,"column":11}},"26":{"start":{"line":146,"column":8},"end":{"line":149,"column":11}}},"fnMap":{"0":{"name":"getAll","decl":{"start":{"line":29,"column":15},"end":{"line":29,"column":21}},"loc":{"start":{"line":29,"column":32},"end":{"line":47,"column":1}},"line":29},"1":{"name":"getOneByid","decl":{"start":{"line":50,"column":15},"end":{"line":50,"column":25}},"loc":{"start":{"line":50,"column":36},"end":{"line":82,"column":1}},"line":50},"2":{"name":"createUser","decl":{"start":{"line":84,"column":15},"end":{"line":84,"column":25}},"loc":{"start":{"line":84,"column":36},"end":{"line":100,"column":1}},"line":84},"3":{"name":"deleteUser","decl":{"start":{"line":102,"column":15},"end":{"line":102,"column":25}},"loc":{"start":{"line":102,"column":36},"end":{"line":116,"column":1}},"line":102},"4":{"name":"updateUser","decl":{"start":{"line":118,"column":15},"end":{"line":118,"column":25}},"loc":{"start":{"line":118,"column":36},"end":{"line":152,"column":1}},"line":118}},"branchMap":{"0":{"loc":{"start":{"line":60,"column":4},"end":{"line":66,"column":5}},"type":"if","locations":[{"start":{"line":60,"column":4},"end":{"line":66,"column":5}},{"start":{"line":60,"column":4},"end":{"line":66,"column":5}}],"line":60},"1":{"loc":{"start":{"line":111,"column":4},"end":{"line":115,"column":5}},"type":"if","locations":[{"start":{"line":111,"column":4},"end":{"line":115,"column":5}},{"start":{"line":111,"column":4},"end":{"line":115,"column":5}}],"line":111},"2":{"loc":{"start":{"line":140,"column":4},"end":{"line":150,"column":5}},"type":"if","locations":[{"start":{"line":140,"column":4},"end":{"line":150,"column":5}},{"start":{"line":140,"column":4},"end":{"line":150,"column":5}}],"line":140}},"s":{"0":1,"1":1,"2":1,"3":1,"4":1,"5":1,"6":1,"7":1,"8":1,"9":1,"10":0,"11":1,"12":1,"13":1,"14":1,"15":1,"16":1,"17":1,"18":1,"19":0,"20":1,"21":1,"22":1,"23":1,"24":1,"25":1,"26":0},"f":{"0":1,"1":1,"2":1,"3":1,"4":1},"b":{"0":[0,1],"1":[1,0],"2":[1,0]},"_coverageSchema":"43e27e138ebf9cfc5966b082cf9a028302ed4184","hash":"982bdabdadd2df043b4911a2beead871447419c5"}
,"C:\\Users\\javie\\Documents\\GLOBANT\\globant-bootcamps-node\\exercises\\chapter_7\\src\\db\\models\\index.js": {"path":"C:\\Users\\javie\\Documents\\GLOBANT\\globant-bootcamps-node\\exercises\\chapter_7\\src\\db\\models\\index.js","statementMap":{"0":{"start":{"line":3,"column":11},"end":{"line":3,"column":24}},"1":{"start":{"line":4,"column":13},"end":{"line":4,"column":28}},"2":{"start":{"line":5,"column":18},"end":{"line":5,"column":38}},"3":{"start":{"line":6,"column":17},"end":{"line":6,"column":42}},"4":{"start":{"line":7,"column":12},"end":{"line":7,"column":49}},"5":{"start":{"line":8,"column":15},"end":{"line":8,"column":70}},"6":{"start":{"line":9,"column":11},"end":{"line":9,"column":13}},"7":{"start":{"line":12,"column":0},"end":{"line":16,"column":1}},"8":{"start":{"line":13,"column":2},"end":{"line":13,"column":74}},"9":{"start":{"line":15,"column":2},"end":{"line":15,"column":87}},"10":{"start":{"line":18,"column":0},"end":{"line":26,"column":5}},"11":{"start":{"line":21,"column":4},"end":{"line":21,"column":90}},"12":{"start":{"line":24,"column":18},"end":{"line":24,"column":65}},"13":{"start":{"line":25,"column":4},"end":{"line":25,"column":27}},"14":{"start":{"line":28,"column":0},"end":{"line":32,"column":3}},"15":{"start":{"line":29,"column":2},"end":{"line":31,"column":3}},"16":{"start":{"line":30,"column":4},"end":{"line":30,"column":32}},"17":{"start":{"line":34,"column":0},"end":{"line":34,"column":25}},"18":{"start":{"line":35,"column":0},"end":{"line":35,"column":25}},"19":{"start":{"line":37,"column":0},"end":{"line":37,"column":20}}},"fnMap":{"0":{"name":"(anonymous_0)","decl":{"start":{"line":20,"column":10},"end":{"line":20,"column":11}},"loc":{"start":{"line":20,"column":18},"end":{"line":22,"column":3}},"line":20},"1":{"name":"(anonymous_1)","decl":{"start":{"line":23,"column":11},"end":{"line":23,"column":12}},"loc":{"start":{"line":23,"column":19},"end":{"line":26,"column":3}},"line":23},"2":{"name":"(anonymous_2)","decl":{"start":{"line":28,"column":24},"end":{"line":28,"column":25}},"loc":{"start":{"line":28,"column":37},"end":{"line":32,"column":1}},"line":28}},"branchMap":{"0":{"loc":{"start":{"line":7,"column":12},"end":{"line":7,"column":49}},"type":"binary-expr","locations":[{"start":{"line":7,"column":12},"end":{"line":7,"column":32}},{"start":{"line":7,"column":36},"end":{"line":7,"column":49}}],"line":7},"1":{"loc":{"start":{"line":12,"column":0},"end":{"line":16,"column":1}},"type":"if","locations":[{"start":{"line":12,"column":0},"end":{"line":16,"column":1}},{"start":{"line":12,"column":0},"end":{"line":16,"column":1}}],"line":12},"2":{"loc":{"start":{"line":21,"column":11},"end":{"line":21,"column":89}},"type":"binary-expr","locations":[{"start":{"line":21,"column":12},"end":{"line":21,"column":35}},{"start":{"line":21,"column":41},"end":{"line":21,"column":58}},{"start":{"line":21,"column":64},"end":{"line":21,"column":88}}],"line":21},"3":{"loc":{"start":{"line":29,"column":2},"end":{"line":31,"column":3}},"type":"if","locations":[{"start":{"line":29,"column":2},"end":{"line":31,"column":3}},{"start":{"line":29,"column":2},"end":{"line":31,"column":3}}],"line":29}},"s":{"0":3,"1":3,"2":3,"3":3,"4":3,"5":3,"6":3,"7":3,"8":0,"9":3,"10":3,"11":12,"12":9,"13":9,"14":3,"15":9,"16":9,"17":3,"18":3,"19":3},"f":{"0":12,"1":9,"2":9},"b":{"0":[3,0],"1":[0,3],"2":[12,12,9],"3":[9,0]},"_coverageSchema":"43e27e138ebf9cfc5966b082cf9a028302ed4184","hash":"d4c065714de569a4039c5f4a092687c064fa09e0"}
,"C:\\Users\\javie\\Documents\\GLOBANT\\globant-bootcamps-node\\exercises\\chapter_7\\src\\db\\models\\profile.js": {"path":"C:\\Users\\javie\\Documents\\GLOBANT\\globant-bootcamps-node\\exercises\\chapter_7\\src\\db\\models\\profile.js","statementMap":{"0":{"start":{"line":2,"column":0},"end":{"line":23,"column":2}},"1":{"start":{"line":3,"column":18},"end":{"line":9,"column":6}},"2":{"start":{"line":12,"column":2},"end":{"line":21,"column":4}},"3":{"start":{"line":13,"column":4},"end":{"line":13,"column":79}},"4":{"start":{"line":14,"column":4},"end":{"line":19,"column":3}},"5":{"start":{"line":22,"column":2},"end":{"line":22,"column":17}}},"fnMap":{"0":{"name":"(anonymous_0)","decl":{"start":{"line":2,"column":17},"end":{"line":2,"column":18}},"loc":{"start":{"line":2,"column":43},"end":{"line":23,"column":1}},"line":2},"1":{"name":"(anonymous_1)","decl":{"start":{"line":12,"column":22},"end":{"line":12,"column":23}},"loc":{"start":{"line":12,"column":40},"end":{"line":21,"column":3}},"line":12}},"branchMap":{},"s":{"0":3,"1":3,"2":3,"3":3,"4":3,"5":3},"f":{"0":3,"1":3},"b":{},"_coverageSchema":"43e27e138ebf9cfc5966b082cf9a028302ed4184","hash":"9f6d103ac3e317bf7dff74bb485ec7ad0517a2a2"}
,"C:\\Users\\javie\\Documents\\GLOBANT\\globant-bootcamps-node\\exercises\\chapter_7\\src\\db\\models\\role.js": {"path":"C:\\Users\\javie\\Documents\\GLOBANT\\globant-bootcamps-node\\exercises\\chapter_7\\src\\db\\models\\role.js","statementMap":{"0":{"start":{"line":2,"column":0},"end":{"line":10,"column":2}},"1":{"start":{"line":3,"column":15},"end":{"line":5,"column":8}},"2":{"start":{"line":6,"column":2},"end":{"line":8,"column":4}},"3":{"start":{"line":9,"column":2},"end":{"line":9,"column":14}}},"fnMap":{"0":{"name":"(anonymous_0)","decl":{"start":{"line":2,"column":17},"end":{"line":2,"column":18}},"loc":{"start":{"line":2,"column":43},"end":{"line":10,"column":1}},"line":2},"1":{"name":"(anonymous_1)","decl":{"start":{"line":6,"column":19},"end":{"line":6,"column":20}},"loc":{"start":{"line":6,"column":37},"end":{"line":8,"column":3}},"line":6}},"branchMap":{},"s":{"0":3,"1":3,"2":3,"3":3},"f":{"0":3,"1":3},"b":{},"_coverageSchema":"43e27e138ebf9cfc5966b082cf9a028302ed4184","hash":"a6734f7493fe6ded057ab97b73f28c4d2742bdb0"}
,"C:\\Users\\javie\\Documents\\GLOBANT\\globant-bootcamps-node\\exercises\\chapter_7\\src\\db\\models\\user.js": {"path":"C:\\Users\\javie\\Documents\\GLOBANT\\globant-bootcamps-node\\exercises\\chapter_7\\src\\db\\models\\user.js","statementMap":{"0":{"start":{"line":2,"column":0},"end":{"line":15,"column":2}},"1":{"start":{"line":3,"column":15},"end":{"line":7,"column":8}},"2":{"start":{"line":8,"column":2},"end":{"line":13,"column":4}},"3":{"start":{"line":10,"column":4},"end":{"line":12,"column":7}},"4":{"start":{"line":14,"column":2},"end":{"line":14,"column":14}}},"fnMap":{"0":{"name":"(anonymous_0)","decl":{"start":{"line":2,"column":17},"end":{"line":2,"column":18}},"loc":{"start":{"line":2,"column":43},"end":{"line":15,"column":1}},"line":2},"1":{"name":"(anonymous_1)","decl":{"start":{"line":8,"column":19},"end":{"line":8,"column":20}},"loc":{"start":{"line":8,"column":37},"end":{"line":13,"column":3}},"line":8}},"branchMap":{},"s":{"0":3,"1":3,"2":3,"3":3,"4":3},"f":{"0":3,"1":3},"b":{},"_coverageSchema":"43e27e138ebf9cfc5966b082cf9a028302ed4184","hash":"681fb55cf3a5fef45b0ef9459dc09352014de65f"}
,"C:\\Users\\javie\\Documents\\GLOBANT\\globant-bootcamps-node\\exercises\\chapter_7\\src\\test-helpers\\profiles.js": {"path":"C:\\Users\\javie\\Documents\\GLOBANT\\globant-bootcamps-node\\exercises\\chapter_7\\src\\test-helpers\\profiles.js","statementMap":{"0":{"start":{"line":6,"column":21},"end":{"line":25,"column":1}},"1":{"start":{"line":27,"column":0},"end":{"line":29,"column":2}}},"fnMap":{},"branchMap":{},"s":{"0":1,"1":1},"f":{},"b":{},"_coverageSchema":"43e27e138ebf9cfc5966b082cf9a028302ed4184","hash":"9644f16f2eccc37959bb65e31984610781362d39"}
,"C:\\Users\\javie\\Documents\\GLOBANT\\globant-bootcamps-node\\exercises\\chapter_7\\src\\test-helpers\\roles.js": {"path":"C:\\Users\\javie\\Documents\\GLOBANT\\globant-bootcamps-node\\exercises\\chapter_7\\src\\test-helpers\\roles.js","statementMap":{"0":{"start":{"line":6,"column":18},"end":{"line":22,"column":1}},"1":{"start":{"line":24,"column":0},"end":{"line":26,"column":2}}},"fnMap":{},"branchMap":{},"s":{"0":1,"1":1},"f":{},"b":{},"_coverageSchema":"43e27e138ebf9cfc5966b082cf9a028302ed4184","hash":"188f431b35635c13fddb9300992e395d55d199a4"}
,"C:\\Users\\javie\\Documents\\GLOBANT\\globant-bootcamps-node\\exercises\\chapter_7\\src\\test-helpers\\users.js": {"path":"C:\\Users\\javie\\Documents\\GLOBANT\\globant-bootcamps-node\\exercises\\chapter_7\\src\\test-helpers\\users.js","statementMap":{"0":{"start":{"line":6,"column":18},"end":{"line":37,"column":1}},"1":{"start":{"line":39,"column":0},"end":{"line":41,"column":2}}},"fnMap":{},"branchMap":{},"s":{"0":1,"1":1},"f":{},"b":{},"_coverageSchema":"43e27e138ebf9cfc5966b082cf9a028302ed4184","hash":"bff9a24ba59c517ca01c5040a6d6a873bcfc24d5"}
}
