{"C:\\Users\\tincho\\globant-bootcamps-node\\exercises\\chapter_7\\src\\api-server\\models\\index.js": {"path":"C:\\Users\\tincho\\globant-bootcamps-node\\exercises\\chapter_7\\src\\api-server\\models\\index.js","statementMap":{"0":{"start":{"line":3,"column":11},"end":{"line":3,"column":24}},"1":{"start":{"line":4,"column":13},"end":{"line":4,"column":28}},"2":{"start":{"line":5,"column":18},"end":{"line":5,"column":38}},"3":{"start":{"line":6,"column":17},"end":{"line":6,"column":42}},"4":{"start":{"line":7,"column":12},"end":{"line":7,"column":49}},"5":{"start":{"line":8,"column":15},"end":{"line":8,"column":73}},"6":{"start":{"line":9,"column":11},"end":{"line":9,"column":13}},"7":{"start":{"line":12,"column":0},"end":{"line":16,"column":1}},"8":{"start":{"line":13,"column":2},"end":{"line":13,"column":74}},"9":{"start":{"line":15,"column":2},"end":{"line":15,"column":87}},"10":{"start":{"line":18,"column":0},"end":{"line":26,"column":5}},"11":{"start":{"line":21,"column":4},"end":{"line":21,"column":90}},"12":{"start":{"line":24,"column":18},"end":{"line":24,"column":65}},"13":{"start":{"line":25,"column":4},"end":{"line":25,"column":27}},"14":{"start":{"line":28,"column":0},"end":{"line":32,"column":3}},"15":{"start":{"line":29,"column":2},"end":{"line":31,"column":3}},"16":{"start":{"line":30,"column":4},"end":{"line":30,"column":32}},"17":{"start":{"line":34,"column":0},"end":{"line":34,"column":25}},"18":{"start":{"line":35,"column":0},"end":{"line":35,"column":25}},"19":{"start":{"line":37,"column":0},"end":{"line":37,"column":20}}},"fnMap":{"0":{"name":"(anonymous_0)","decl":{"start":{"line":20,"column":10},"end":{"line":20,"column":11}},"loc":{"start":{"line":20,"column":18},"end":{"line":22,"column":3}},"line":20},"1":{"name":"(anonymous_1)","decl":{"start":{"line":23,"column":11},"end":{"line":23,"column":12}},"loc":{"start":{"line":23,"column":19},"end":{"line":26,"column":3}},"line":23},"2":{"name":"(anonymous_2)","decl":{"start":{"line":28,"column":24},"end":{"line":28,"column":25}},"loc":{"start":{"line":28,"column":37},"end":{"line":32,"column":1}},"line":28}},"branchMap":{"0":{"loc":{"start":{"line":7,"column":12},"end":{"line":7,"column":49}},"type":"binary-expr","locations":[{"start":{"line":7,"column":12},"end":{"line":7,"column":32}},{"start":{"line":7,"column":36},"end":{"line":7,"column":49}}],"line":7},"1":{"loc":{"start":{"line":12,"column":0},"end":{"line":16,"column":1}},"type":"if","locations":[{"start":{"line":12,"column":0},"end":{"line":16,"column":1}},{"start":{"line":12,"column":0},"end":{"line":16,"column":1}}],"line":12},"2":{"loc":{"start":{"line":21,"column":11},"end":{"line":21,"column":89}},"type":"binary-expr","locations":[{"start":{"line":21,"column":12},"end":{"line":21,"column":35}},{"start":{"line":21,"column":41},"end":{"line":21,"column":58}},{"start":{"line":21,"column":64},"end":{"line":21,"column":88}}],"line":21},"3":{"loc":{"start":{"line":29,"column":2},"end":{"line":31,"column":3}},"type":"if","locations":[{"start":{"line":29,"column":2},"end":{"line":31,"column":3}},{"start":{"line":29,"column":2},"end":{"line":31,"column":3}}],"line":29}},"s":{"0":3,"1":3,"2":3,"3":3,"4":3,"5":3,"6":3,"7":3,"8":0,"9":3,"10":3,"11":12,"12":9,"13":9,"14":3,"15":9,"16":9,"17":3,"18":3,"19":3},"f":{"0":12,"1":9,"2":9},"b":{"0":[3,0],"1":[0,3],"2":[12,12,9],"3":[9,0]},"_coverageSchema":"43e27e138ebf9cfc5966b082cf9a028302ed4184","hash":"56781ef46394d8e20154fb96ed6b21c3c2b81704"}
,"C:\\Users\\tincho\\globant-bootcamps-node\\exercises\\chapter_7\\src\\api-server\\models\\profile.js": {"path":"C:\\Users\\tincho\\globant-bootcamps-node\\exercises\\chapter_7\\src\\api-server\\models\\profile.js","statementMap":{"0":{"start":{"line":2,"column":0},"end":{"line":13,"column":2}},"1":{"start":{"line":3,"column":18},"end":{"line":6,"column":8}},"2":{"start":{"line":7,"column":2},"end":{"line":10,"column":4}},"3":{"start":{"line":8,"column":4},"end":{"line":8,"column":33}},"4":{"start":{"line":9,"column":4},"end":{"line":9,"column":113}},"5":{"start":{"line":11,"column":2},"end":{"line":11,"column":17}},"6":{"start":{"line":12,"column":2},"end":{"line":12,"column":17}}},"fnMap":{"0":{"name":"(anonymous_0)","decl":{"start":{"line":2,"column":17},"end":{"line":2,"column":18}},"loc":{"start":{"line":2,"column":43},"end":{"line":13,"column":1}},"line":2},"1":{"name":"(anonymous_1)","decl":{"start":{"line":7,"column":22},"end":{"line":7,"column":23}},"loc":{"start":{"line":7,"column":39},"end":{"line":10,"column":3}},"line":7}},"branchMap":{},"s":{"0":3,"1":3,"2":3,"3":3,"4":3,"5":3,"6":3},"f":{"0":3,"1":3},"b":{},"_coverageSchema":"43e27e138ebf9cfc5966b082cf9a028302ed4184","hash":"d96e7dcf16cb59ea5d1e6b3b2f6fe624e7bcb0da"}
,"C:\\Users\\tincho\\globant-bootcamps-node\\exercises\\chapter_7\\src\\api-server\\models\\role.js": {"path":"C:\\Users\\tincho\\globant-bootcamps-node\\exercises\\chapter_7\\src\\api-server\\models\\role.js","statementMap":{"0":{"start":{"line":2,"column":0},"end":{"line":10,"column":2}},"1":{"start":{"line":3,"column":15},"end":{"line":5,"column":8}},"2":{"start":{"line":6,"column":2},"end":{"line":8,"column":4}},"3":{"start":{"line":7,"column":4},"end":{"line":7,"column":113}},"4":{"start":{"line":9,"column":2},"end":{"line":9,"column":14}}},"fnMap":{"0":{"name":"(anonymous_0)","decl":{"start":{"line":2,"column":17},"end":{"line":2,"column":18}},"loc":{"start":{"line":2,"column":43},"end":{"line":10,"column":1}},"line":2},"1":{"name":"(anonymous_1)","decl":{"start":{"line":6,"column":19},"end":{"line":6,"column":20}},"loc":{"start":{"line":6,"column":36},"end":{"line":8,"column":3}},"line":6}},"branchMap":{},"s":{"0":3,"1":3,"2":3,"3":3,"4":3},"f":{"0":3,"1":3},"b":{},"_coverageSchema":"43e27e138ebf9cfc5966b082cf9a028302ed4184","hash":"117b463c014826e63880905483b486c04fd252a1"}
,"C:\\Users\\tincho\\globant-bootcamps-node\\exercises\\chapter_7\\src\\api-server\\models\\user.js": {"path":"C:\\Users\\tincho\\globant-bootcamps-node\\exercises\\chapter_7\\src\\api-server\\models\\user.js","statementMap":{"0":{"start":{"line":2,"column":0},"end":{"line":15,"column":2}},"1":{"start":{"line":3,"column":15},"end":{"line":9,"column":8}},"2":{"start":{"line":10,"column":2},"end":{"line":12,"column":4}},"3":{"start":{"line":11,"column":4},"end":{"line":11,"column":35}},"4":{"start":{"line":13,"column":2},"end":{"line":13,"column":17}},"5":{"start":{"line":14,"column":2},"end":{"line":14,"column":14}}},"fnMap":{"0":{"name":"(anonymous_0)","decl":{"start":{"line":2,"column":17},"end":{"line":2,"column":18}},"loc":{"start":{"line":2,"column":43},"end":{"line":15,"column":1}},"line":2},"1":{"name":"(anonymous_1)","decl":{"start":{"line":10,"column":19},"end":{"line":10,"column":20}},"loc":{"start":{"line":10,"column":36},"end":{"line":12,"column":3}},"line":10}},"branchMap":{},"s":{"0":3,"1":3,"2":3,"3":3,"4":3,"5":3},"f":{"0":3,"1":3},"b":{},"_coverageSchema":"43e27e138ebf9cfc5966b082cf9a028302ed4184","hash":"6a0d60395cb9cccc4d3d74f48ad20686ac177044"}
,"C:\\Users\\tincho\\globant-bootcamps-node\\exercises\\chapter_7\\src\\api-server\\resources\\profiles\\controllers.js": {"path":"C:\\Users\\tincho\\globant-bootcamps-node\\exercises\\chapter_7\\src\\api-server\\resources\\profiles\\controllers.js","statementMap":{"0":{"start":{"line":1,"column":11},"end":{"line":1,"column":25}},"1":{"start":{"line":2,"column":15},"end":{"line":2,"column":38}},"2":{"start":{"line":5,"column":0},"end":{"line":14,"column":2}},"3":{"start":{"line":23,"column":1},"end":{"line":27,"column":3}},"4":{"start":{"line":24,"column":19},"end":{"line":24,"column":47}},"5":{"start":{"line":26,"column":4},"end":{"line":26,"column":31}},"6":{"start":{"line":31,"column":3},"end":{"line":41,"column":7}},"7":{"start":{"line":33,"column":4},"end":{"line":37,"column":5}},"8":{"start":{"line":34,"column":8},"end":{"line":34,"column":36}},"9":{"start":{"line":36,"column":8},"end":{"line":36,"column":55}},"10":{"start":{"line":40,"column":8},"end":{"line":40,"column":55}},"11":{"start":{"line":46,"column":3},"end":{"line":54,"column":6}},"12":{"start":{"line":50,"column":21},"end":{"line":50,"column":44}},"13":{"start":{"line":53,"column":8},"end":{"line":53,"column":36}},"14":{"start":{"line":59,"column":3},"end":{"line":63,"column":6}},"15":{"start":{"line":60,"column":21},"end":{"line":60,"column":44}},"16":{"start":{"line":62,"column":8},"end":{"line":62,"column":51}},"17":{"start":{"line":67,"column":3},"end":{"line":71,"column":6}},"18":{"start":{"line":68,"column":21},"end":{"line":68,"column":44}},"19":{"start":{"line":70,"column":8},"end":{"line":70,"column":36}},"20":{"start":{"line":75,"column":0},"end":{"line":89,"column":2}},"21":{"start":{"line":77,"column":4},"end":{"line":88,"column":5}},"22":{"start":{"line":78,"column":6},"end":{"line":85,"column":10}},"23":{"start":{"line":80,"column":12},"end":{"line":84,"column":14}},"24":{"start":{"line":81,"column":29},"end":{"line":81,"column":52}},"25":{"start":{"line":83,"column":16},"end":{"line":83,"column":59}},"26":{"start":{"line":87,"column":8},"end":{"line":87,"column":63}}},"fnMap":{"0":{"name":"getAll","decl":{"start":{"line":22,"column":9},"end":{"line":22,"column":15}},"loc":{"start":{"line":22,"column":24},"end":{"line":28,"column":1}},"line":22},"1":{"name":"(anonymous_1)","decl":{"start":{"line":24,"column":9},"end":{"line":24,"column":10}},"loc":{"start":{"line":24,"column":19},"end":{"line":24,"column":47}},"line":24},"2":{"name":"(anonymous_2)","decl":{"start":{"line":25,"column":10},"end":{"line":25,"column":11}},"loc":{"start":{"line":25,"column":19},"end":{"line":27,"column":1}},"line":25},"3":{"name":"getById","decl":{"start":{"line":30,"column":9},"end":{"line":30,"column":16}},"loc":{"start":{"line":30,"column":25},"end":{"line":43,"column":1}},"line":30},"4":{"name":"(anonymous_4)","decl":{"start":{"line":32,"column":10},"end":{"line":32,"column":11}},"loc":{"start":{"line":32,"column":20},"end":{"line":38,"column":1}},"line":32},"5":{"name":"(anonymous_5)","decl":{"start":{"line":39,"column":11},"end":{"line":39,"column":12}},"loc":{"start":{"line":39,"column":20},"end":{"line":41,"column":5}},"line":39},"6":{"name":"createProfile","decl":{"start":{"line":45,"column":9},"end":{"line":45,"column":22}},"loc":{"start":{"line":45,"column":32},"end":{"line":56,"column":1}},"line":45},"7":{"name":"(anonymous_7)","decl":{"start":{"line":50,"column":10},"end":{"line":50,"column":11}},"loc":{"start":{"line":50,"column":20},"end":{"line":51,"column":5}},"line":50},"8":{"name":"(anonymous_8)","decl":{"start":{"line":52,"column":11},"end":{"line":52,"column":12}},"loc":{"start":{"line":52,"column":20},"end":{"line":54,"column":5}},"line":52},"9":{"name":"updateProfile","decl":{"start":{"line":58,"column":9},"end":{"line":58,"column":22}},"loc":{"start":{"line":58,"column":32},"end":{"line":64,"column":1}},"line":58},"10":{"name":"(anonymous_10)","decl":{"start":{"line":60,"column":10},"end":{"line":60,"column":11}},"loc":{"start":{"line":60,"column":20},"end":{"line":60,"column":45}},"line":60},"11":{"name":"(anonymous_11)","decl":{"start":{"line":61,"column":11},"end":{"line":61,"column":12}},"loc":{"start":{"line":61,"column":20},"end":{"line":63,"column":5}},"line":61},"12":{"name":"deleteProfile","decl":{"start":{"line":66,"column":9},"end":{"line":66,"column":22}},"loc":{"start":{"line":66,"column":32},"end":{"line":72,"column":1}},"line":66},"13":{"name":"(anonymous_13)","decl":{"start":{"line":68,"column":10},"end":{"line":68,"column":11}},"loc":{"start":{"line":68,"column":20},"end":{"line":68,"column":45}},"line":68},"14":{"name":"(anonymous_14)","decl":{"start":{"line":69,"column":11},"end":{"line":69,"column":12}},"loc":{"start":{"line":69,"column":20},"end":{"line":71,"column":5}},"line":69},"15":{"name":"assignUsers","decl":{"start":{"line":74,"column":9},"end":{"line":74,"column":20}},"loc":{"start":{"line":74,"column":30},"end":{"line":90,"column":1}},"line":74},"16":{"name":"(anonymous_16)","decl":{"start":{"line":76,"column":6},"end":{"line":76,"column":7}},"loc":{"start":{"line":76,"column":17},"end":{"line":89,"column":1}},"line":76},"17":{"name":"(anonymous_17)","decl":{"start":{"line":79,"column":14},"end":{"line":79,"column":15}},"loc":{"start":{"line":79,"column":23},"end":{"line":85,"column":9}},"line":79},"18":{"name":"(anonymous_18)","decl":{"start":{"line":81,"column":18},"end":{"line":81,"column":19}},"loc":{"start":{"line":81,"column":28},"end":{"line":81,"column":53}},"line":81},"19":{"name":"(anonymous_19)","decl":{"start":{"line":82,"column":19},"end":{"line":82,"column":20}},"loc":{"start":{"line":82,"column":28},"end":{"line":84,"column":13}},"line":82}},"branchMap":{"0":{"loc":{"start":{"line":33,"column":4},"end":{"line":37,"column":5}},"type":"if","locations":[{"start":{"line":33,"column":4},"end":{"line":37,"column":5}},{"start":{"line":33,"column":4},"end":{"line":37,"column":5}}],"line":33},"1":{"loc":{"start":{"line":77,"column":4},"end":{"line":88,"column":5}},"type":"if","locations":[{"start":{"line":77,"column":4},"end":{"line":88,"column":5}},{"start":{"line":77,"column":4},"end":{"line":88,"column":5}}],"line":77}},"s":{"0":1,"1":1,"2":1,"3":2,"4":1,"5":1,"6":3,"7":2,"8":1,"9":1,"10":1,"11":2,"12":1,"13":1,"14":2,"15":1,"16":1,"17":2,"18":1,"19":1,"20":1,"21":1,"22":1,"23":1,"24":0,"25":0,"26":0},"f":{"0":2,"1":1,"2":1,"3":3,"4":2,"5":1,"6":2,"7":1,"8":1,"9":2,"10":1,"11":1,"12":2,"13":1,"14":1,"15":1,"16":1,"17":1,"18":0,"19":0},"b":{"0":[1,1],"1":[1,0]},"_coverageSchema":"43e27e138ebf9cfc5966b082cf9a028302ed4184","hash":"2d71ab5981ffc27ef2bf915edaf9204c927d34f9"}
,"C:\\Users\\tincho\\globant-bootcamps-node\\exercises\\chapter_7\\src\\api-server\\resources\\roles\\controllers.js": {"path":"C:\\Users\\tincho\\globant-bootcamps-node\\exercises\\chapter_7\\src\\api-server\\resources\\roles\\controllers.js","statementMap":{"0":{"start":{"line":1,"column":15},"end":{"line":1,"column":38}},"1":{"start":{"line":4,"column":0},"end":{"line":12,"column":2}},"2":{"start":{"line":21,"column":2},"end":{"line":25,"column":3}},"3":{"start":{"line":22,"column":19},"end":{"line":22,"column":47}},"4":{"start":{"line":24,"column":4},"end":{"line":24,"column":46}},"5":{"start":{"line":29,"column":4},"end":{"line":39,"column":7}},"6":{"start":{"line":31,"column":4},"end":{"line":35,"column":5}},"7":{"start":{"line":32,"column":8},"end":{"line":32,"column":36}},"8":{"start":{"line":34,"column":8},"end":{"line":34,"column":55}},"9":{"start":{"line":38,"column":8},"end":{"line":38,"column":51}},"10":{"start":{"line":44,"column":3},"end":{"line":51,"column":6}},"11":{"start":{"line":47,"column":21},"end":{"line":47,"column":44}},"12":{"start":{"line":50,"column":8},"end":{"line":50,"column":45}},"13":{"start":{"line":56,"column":3},"end":{"line":60,"column":6}},"14":{"start":{"line":57,"column":21},"end":{"line":57,"column":44}},"15":{"start":{"line":59,"column":8},"end":{"line":59,"column":51}},"16":{"start":{"line":64,"column":4},"end":{"line":68,"column":6}},"17":{"start":{"line":65,"column":21},"end":{"line":65,"column":44}},"18":{"start":{"line":67,"column":8},"end":{"line":67,"column":51}}},"fnMap":{"0":{"name":"getAll","decl":{"start":{"line":20,"column":9},"end":{"line":20,"column":15}},"loc":{"start":{"line":20,"column":24},"end":{"line":26,"column":1}},"line":20},"1":{"name":"(anonymous_1)","decl":{"start":{"line":22,"column":9},"end":{"line":22,"column":10}},"loc":{"start":{"line":22,"column":19},"end":{"line":22,"column":47}},"line":22},"2":{"name":"(anonymous_2)","decl":{"start":{"line":23,"column":10},"end":{"line":23,"column":11}},"loc":{"start":{"line":23,"column":19},"end":{"line":25,"column":1}},"line":23},"3":{"name":"getById","decl":{"start":{"line":28,"column":9},"end":{"line":28,"column":16}},"loc":{"start":{"line":28,"column":25},"end":{"line":41,"column":1}},"line":28},"4":{"name":"(anonymous_4)","decl":{"start":{"line":30,"column":10},"end":{"line":30,"column":11}},"loc":{"start":{"line":30,"column":20},"end":{"line":36,"column":1}},"line":30},"5":{"name":"(anonymous_5)","decl":{"start":{"line":37,"column":11},"end":{"line":37,"column":12}},"loc":{"start":{"line":37,"column":20},"end":{"line":39,"column":5}},"line":37},"6":{"name":"createRole","decl":{"start":{"line":43,"column":9},"end":{"line":43,"column":19}},"loc":{"start":{"line":43,"column":29},"end":{"line":53,"column":1}},"line":43},"7":{"name":"(anonymous_7)","decl":{"start":{"line":47,"column":10},"end":{"line":47,"column":11}},"loc":{"start":{"line":47,"column":20},"end":{"line":48,"column":5}},"line":47},"8":{"name":"(anonymous_8)","decl":{"start":{"line":49,"column":11},"end":{"line":49,"column":12}},"loc":{"start":{"line":49,"column":20},"end":{"line":51,"column":5}},"line":49},"9":{"name":"updateRole","decl":{"start":{"line":55,"column":9},"end":{"line":55,"column":19}},"loc":{"start":{"line":55,"column":29},"end":{"line":61,"column":1}},"line":55},"10":{"name":"(anonymous_10)","decl":{"start":{"line":57,"column":10},"end":{"line":57,"column":11}},"loc":{"start":{"line":57,"column":20},"end":{"line":57,"column":45}},"line":57},"11":{"name":"(anonymous_11)","decl":{"start":{"line":58,"column":11},"end":{"line":58,"column":12}},"loc":{"start":{"line":58,"column":20},"end":{"line":60,"column":5}},"line":58},"12":{"name":"deleteRole","decl":{"start":{"line":63,"column":9},"end":{"line":63,"column":19}},"loc":{"start":{"line":63,"column":29},"end":{"line":69,"column":1}},"line":63},"13":{"name":"(anonymous_13)","decl":{"start":{"line":65,"column":10},"end":{"line":65,"column":11}},"loc":{"start":{"line":65,"column":20},"end":{"line":65,"column":45}},"line":65},"14":{"name":"(anonymous_14)","decl":{"start":{"line":66,"column":11},"end":{"line":66,"column":12}},"loc":{"start":{"line":66,"column":20},"end":{"line":68,"column":5}},"line":66}},"branchMap":{"0":{"loc":{"start":{"line":31,"column":4},"end":{"line":35,"column":5}},"type":"if","locations":[{"start":{"line":31,"column":4},"end":{"line":35,"column":5}},{"start":{"line":31,"column":4},"end":{"line":35,"column":5}}],"line":31}},"s":{"0":1,"1":1,"2":2,"3":1,"4":1,"5":3,"6":2,"7":1,"8":1,"9":1,"10":2,"11":1,"12":1,"13":2,"14":1,"15":1,"16":2,"17":1,"18":1},"f":{"0":2,"1":1,"2":1,"3":3,"4":2,"5":1,"6":2,"7":1,"8":1,"9":2,"10":1,"11":1,"12":2,"13":1,"14":1},"b":{"0":[1,1]},"_coverageSchema":"43e27e138ebf9cfc5966b082cf9a028302ed4184","hash":"de9b80d43a0d16358505c92edc9cdae90524c5c0"}
,"C:\\Users\\tincho\\globant-bootcamps-node\\exercises\\chapter_7\\src\\api-server\\resources\\users\\controllers.js": {"path":"C:\\Users\\tincho\\globant-bootcamps-node\\exercises\\chapter_7\\src\\api-server\\resources\\users\\controllers.js","statementMap":{"0":{"start":{"line":1,"column":15},"end":{"line":1,"column":38}},"1":{"start":{"line":4,"column":0},"end":{"line":12,"column":2}},"2":{"start":{"line":21,"column":3},"end":{"line":25,"column":3}},"3":{"start":{"line":22,"column":19},"end":{"line":22,"column":47}},"4":{"start":{"line":24,"column":4},"end":{"line":24,"column":31}},"5":{"start":{"line":29,"column":3},"end":{"line":39,"column":7}},"6":{"start":{"line":31,"column":4},"end":{"line":35,"column":5}},"7":{"start":{"line":32,"column":8},"end":{"line":32,"column":36}},"8":{"start":{"line":34,"column":8},"end":{"line":34,"column":55}},"9":{"start":{"line":38,"column":8},"end":{"line":38,"column":36}},"10":{"start":{"line":44,"column":3},"end":{"line":55,"column":6}},"11":{"start":{"line":51,"column":21},"end":{"line":51,"column":44}},"12":{"start":{"line":54,"column":8},"end":{"line":54,"column":36}},"13":{"start":{"line":60,"column":3},"end":{"line":64,"column":6}},"14":{"start":{"line":61,"column":21},"end":{"line":61,"column":44}},"15":{"start":{"line":63,"column":8},"end":{"line":63,"column":51}},"16":{"start":{"line":68,"column":3},"end":{"line":72,"column":6}},"17":{"start":{"line":69,"column":21},"end":{"line":69,"column":44}},"18":{"start":{"line":71,"column":8},"end":{"line":71,"column":51}}},"fnMap":{"0":{"name":"getAll","decl":{"start":{"line":20,"column":9},"end":{"line":20,"column":15}},"loc":{"start":{"line":20,"column":25},"end":{"line":26,"column":1}},"line":20},"1":{"name":"(anonymous_1)","decl":{"start":{"line":22,"column":9},"end":{"line":22,"column":10}},"loc":{"start":{"line":22,"column":19},"end":{"line":22,"column":47}},"line":22},"2":{"name":"(anonymous_2)","decl":{"start":{"line":23,"column":10},"end":{"line":23,"column":11}},"loc":{"start":{"line":23,"column":19},"end":{"line":25,"column":1}},"line":23},"3":{"name":"getById","decl":{"start":{"line":28,"column":9},"end":{"line":28,"column":16}},"loc":{"start":{"line":28,"column":26},"end":{"line":41,"column":1}},"line":28},"4":{"name":"(anonymous_4)","decl":{"start":{"line":30,"column":10},"end":{"line":30,"column":11}},"loc":{"start":{"line":30,"column":20},"end":{"line":36,"column":1}},"line":30},"5":{"name":"(anonymous_5)","decl":{"start":{"line":37,"column":11},"end":{"line":37,"column":12}},"loc":{"start":{"line":37,"column":20},"end":{"line":39,"column":5}},"line":37},"6":{"name":"createUser","decl":{"start":{"line":43,"column":9},"end":{"line":43,"column":19}},"loc":{"start":{"line":43,"column":29},"end":{"line":57,"column":1}},"line":43},"7":{"name":"(anonymous_7)","decl":{"start":{"line":51,"column":10},"end":{"line":51,"column":11}},"loc":{"start":{"line":51,"column":20},"end":{"line":52,"column":5}},"line":51},"8":{"name":"(anonymous_8)","decl":{"start":{"line":53,"column":11},"end":{"line":53,"column":12}},"loc":{"start":{"line":53,"column":20},"end":{"line":55,"column":5}},"line":53},"9":{"name":"updateUser","decl":{"start":{"line":59,"column":9},"end":{"line":59,"column":19}},"loc":{"start":{"line":59,"column":29},"end":{"line":65,"column":1}},"line":59},"10":{"name":"(anonymous_10)","decl":{"start":{"line":61,"column":10},"end":{"line":61,"column":11}},"loc":{"start":{"line":61,"column":20},"end":{"line":61,"column":45}},"line":61},"11":{"name":"(anonymous_11)","decl":{"start":{"line":62,"column":11},"end":{"line":62,"column":12}},"loc":{"start":{"line":62,"column":20},"end":{"line":64,"column":5}},"line":62},"12":{"name":"deleteUser","decl":{"start":{"line":67,"column":9},"end":{"line":67,"column":19}},"loc":{"start":{"line":67,"column":29},"end":{"line":73,"column":1}},"line":67},"13":{"name":"(anonymous_13)","decl":{"start":{"line":69,"column":10},"end":{"line":69,"column":11}},"loc":{"start":{"line":69,"column":20},"end":{"line":69,"column":45}},"line":69},"14":{"name":"(anonymous_14)","decl":{"start":{"line":70,"column":11},"end":{"line":70,"column":12}},"loc":{"start":{"line":70,"column":20},"end":{"line":72,"column":5}},"line":70}},"branchMap":{"0":{"loc":{"start":{"line":31,"column":4},"end":{"line":35,"column":5}},"type":"if","locations":[{"start":{"line":31,"column":4},"end":{"line":35,"column":5}},{"start":{"line":31,"column":4},"end":{"line":35,"column":5}}],"line":31}},"s":{"0":1,"1":1,"2":2,"3":1,"4":1,"5":3,"6":2,"7":1,"8":1,"9":1,"10":2,"11":1,"12":1,"13":2,"14":1,"15":1,"16":2,"17":1,"18":1},"f":{"0":2,"1":1,"2":1,"3":3,"4":2,"5":1,"6":2,"7":1,"8":1,"9":2,"10":1,"11":1,"12":2,"13":1,"14":1},"b":{"0":[1,1]},"_coverageSchema":"43e27e138ebf9cfc5966b082cf9a028302ed4184","hash":"30c5da077b4e3dff1d1394ea286bd86e81bc9f94"}
,"C:\\Users\\tincho\\globant-bootcamps-node\\exercises\\chapter_7\\src\\test-helpers\\profiles.js": {"path":"C:\\Users\\tincho\\globant-bootcamps-node\\exercises\\chapter_7\\src\\test-helpers\\profiles.js","statementMap":{"0":{"start":{"line":6,"column":21},"end":{"line":25,"column":1}},"1":{"start":{"line":27,"column":0},"end":{"line":29,"column":2}}},"fnMap":{},"branchMap":{},"s":{"0":1,"1":1},"f":{},"b":{},"_coverageSchema":"43e27e138ebf9cfc5966b082cf9a028302ed4184","hash":"dbf4b498766ec424f2d8fb93dcbf335c6676e26e"}
,"C:\\Users\\tincho\\globant-bootcamps-node\\exercises\\chapter_7\\src\\test-helpers\\roles.js": {"path":"C:\\Users\\tincho\\globant-bootcamps-node\\exercises\\chapter_7\\src\\test-helpers\\roles.js","statementMap":{"0":{"start":{"line":6,"column":18},"end":{"line":22,"column":1}},"1":{"start":{"line":24,"column":0},"end":{"line":26,"column":2}}},"fnMap":{},"branchMap":{},"s":{"0":1,"1":1},"f":{},"b":{},"_coverageSchema":"43e27e138ebf9cfc5966b082cf9a028302ed4184","hash":"186c38362d27f1349087b7716b0bbe0da484e369"}
,"C:\\Users\\tincho\\globant-bootcamps-node\\exercises\\chapter_7\\src\\test-helpers\\users.js": {"path":"C:\\Users\\tincho\\globant-bootcamps-node\\exercises\\chapter_7\\src\\test-helpers\\users.js","statementMap":{"0":{"start":{"line":6,"column":18},"end":{"line":37,"column":1}},"1":{"start":{"line":39,"column":0},"end":{"line":41,"column":2}}},"fnMap":{},"branchMap":{},"s":{"0":2,"1":2},"f":{},"b":{},"_coverageSchema":"43e27e138ebf9cfc5966b082cf9a028302ed4184","hash":"5930bc03f599ea6d5d93d209b2b45da5f5f8dd85"}
}
