TN:
SF:C:\Users\javie\Documents\GLOBANT\globant-bootcamps-node\exercises\chapter_7\src\api-server\resources\profiles\actions.js
FNF:0
FNH:0
LF:0
LH:0
BRF:0
BRH:0
end_of_record
TN:
SF:C:\Users\javie\Documents\GLOBANT\globant-bootcamps-node\exercises\chapter_7\src\api-server\resources\profiles\controllers.js
FN:27,getAll
FN:39,getOneByid
FN:58,createProfile
FN:74,deleteProfile
FN:90,updateProfile
FN:125,assignprofile
FNF:6
FNH:6
FNDA:1,getAll
FNDA:1,getOneByid
FNDA:1,createProfile
FNDA:1,deleteProfile
FNDA:1,updateProfile
FNDA:1,assignprofile
DA:4,1
DA:5,1
DA:6,1
DA:9,1
DA:28,1
DA:35,1
DA:41,1
DA:42,1
DA:47,1
DA:48,0
DA:51,1
DA:59,1
DA:62,1
DA:70,1
DA:75,1
DA:77,1
DA:83,1
DA:84,1
DA:86,0
DA:92,1
DA:93,1
DA:95,1
DA:102,1
DA:111,1
DA:112,1
DA:117,0
DA:126,1
DA:127,1
DA:131,1
DA:133,1
DA:134,1
DA:140,0
LF:32
LH:28
BRDA:47,0,0,0
BRDA:47,0,1,1
BRDA:83,1,0,1
BRDA:83,1,1,0
BRDA:111,2,0,1
BRDA:111,2,1,0
BRDA:133,3,0,1
BRDA:133,3,1,0
BRF:8
BRH:4
end_of_record
TN:
SF:C:\Users\javie\Documents\GLOBANT\globant-bootcamps-node\exercises\chapter_7\src\api-server\resources\roles\actions.js
FNF:0
FNH:0
LF:0
LH:0
BRF:0
BRH:0
end_of_record
TN:
SF:C:\Users\javie\Documents\GLOBANT\globant-bootcamps-node\exercises\chapter_7\src\api-server\resources\roles\controllers.js
FN:27,getAll
FN:40,getOneById
FN:59,createRol
FN:71,deleteRol
FN:90,updateRol
FNF:5
FNH:5
FNDA:1,getAll
FNDA:1,getOneById
FNDA:1,createRol
FNDA:1,deleteRol
FNDA:1,updateRol
DA:4,1
DA:5,1
DA:6,1
DA:10,1
DA:28,1
DA:34,1
DA:35,1
DA:41,1
DA:42,1
DA:47,1
DA:48,0
DA:51,1
DA:60,1
DA:62,1
DA:67,1
DA:72,1
DA:74,1
DA:80,1
DA:81,1
DA:83,0
DA:92,1
DA:93,1
DA:95,1
DA:102,1
DA:108,1
DA:109,1
DA:114,0
LF:27
LH:24
BRDA:47,0,0,0
BRDA:47,0,1,1
BRDA:80,1,0,1
BRDA:80,1,1,0
BRDA:108,2,0,1
BRDA:108,2,1,0
BRF:6
BRH:3
end_of_record
TN:
SF:C:\Users\javie\Documents\GLOBANT\globant-bootcamps-node\exercises\chapter_7\src\api-server\resources\users\actions.js
FNF:0
FNH:0
LF:0
LH:0
BRF:0
BRH:0
end_of_record
TN:
SF:C:\Users\javie\Documents\GLOBANT\globant-bootcamps-node\exercises\chapter_7\src\api-server\resources\users\controllers.js
FN:29,getAll
FN:50,getOneByid
FN:84,createUser
FN:102,deleteUser
FN:118,updateUser
FNF:5
FNH:5
FNDA:1,getAll
FNDA:1,getOneByid
FNDA:1,createUser
FNDA:1,deleteUser
FNDA:1,updateUser
DA:5,1
DA:6,1
DA:7,1
DA:10,1
DA:30,1
DA:44,1
DA:45,1
DA:52,1
DA:53,1
DA:60,1
DA:61,0
DA:64,1
DA:85,1
DA:88,1
DA:98,1
DA:103,1
DA:105,1
DA:111,1
DA:112,1
DA:114,0
DA:120,1
DA:121,1
DA:123,1
DA:130,1
DA:140,1
DA:141,1
DA:146,0
LF:27
LH:24
BRDA:60,0,0,0
BRDA:60,0,1,1
BRDA:111,1,0,1
BRDA:111,1,1,0
BRDA:140,2,0,1
BRDA:140,2,1,0
BRF:6
BRH:3
end_of_record
TN:
SF:C:\Users\javie\Documents\GLOBANT\globant-bootcamps-node\exercises\chapter_7\src\db\models\index.js
FN:20,(anonymous_0)
FN:23,(anonymous_1)
FN:28,(anonymous_2)
FNF:3
FNH:3
FNDA:12,(anonymous_0)
FNDA:9,(anonymous_1)
FNDA:9,(anonymous_2)
DA:3,3
DA:4,3
DA:5,3
DA:6,3
DA:7,3
DA:8,3
DA:9,3
DA:12,3
DA:13,0
DA:15,3
DA:18,3
DA:21,12
DA:24,9
DA:25,9
DA:28,3
DA:29,9
DA:30,9
DA:34,3
DA:35,3
DA:37,3
LF:20
LH:19
BRDA:7,0,0,3
BRDA:7,0,1,0
BRDA:12,1,0,0
BRDA:12,1,1,3
BRDA:21,2,0,12
BRDA:21,2,1,12
BRDA:21,2,2,9
BRDA:29,3,0,9
BRDA:29,3,1,0
BRF:9
BRH:6
end_of_record
TN:
SF:C:\Users\javie\Documents\GLOBANT\globant-bootcamps-node\exercises\chapter_7\src\db\models\profile.js
FN:2,(anonymous_0)
FN:12,(anonymous_1)
FNF:2
FNH:2
FNDA:3,(anonymous_0)
FNDA:3,(anonymous_1)
DA:2,3
DA:3,3
DA:12,3
DA:13,3
DA:14,3
DA:22,3
LF:6
LH:6
BRF:0
BRH:0
end_of_record
TN:
SF:C:\Users\javie\Documents\GLOBANT\globant-bootcamps-node\exercises\chapter_7\src\db\models\role.js
FN:2,(anonymous_0)
FN:6,(anonymous_1)
FNF:2
FNH:2
FNDA:3,(anonymous_0)
FNDA:3,(anonymous_1)
DA:2,3
DA:3,3
DA:6,3
DA:9,3
LF:4
LH:4
BRF:0
BRH:0
end_of_record
TN:
SF:C:\Users\javie\Documents\GLOBANT\globant-bootcamps-node\exercises\chapter_7\src\db\models\user.js
FN:2,(anonymous_0)
FN:8,(anonymous_1)
FNF:2
FNH:2
FNDA:3,(anonymous_0)
FNDA:3,(anonymous_1)
DA:2,3
DA:3,3
DA:8,3
DA:10,3
DA:14,3
LF:5
LH:5
BRF:0
BRH:0
end_of_record
TN:
SF:C:\Users\javie\Documents\GLOBANT\globant-bootcamps-node\exercises\chapter_7\src\test-helpers\profiles.js
FNF:0
FNH:0
DA:6,1
DA:27,1
LF:2
LH:2
BRF:0
BRH:0
end_of_record
TN:
SF:C:\Users\javie\Documents\GLOBANT\globant-bootcamps-node\exercises\chapter_7\src\test-helpers\roles.js
FNF:0
FNH:0
DA:6,1
DA:24,1
LF:2
LH:2
BRF:0
BRH:0
end_of_record
TN:
SF:C:\Users\javie\Documents\GLOBANT\globant-bootcamps-node\exercises\chapter_7\src\test-helpers\users.js
FNF:0
FNH:0
DA:6,1
DA:39,1
LF:2
LH:2
BRF:0
BRH:0
end_of_record
