TN:
SF:C:\Users\tincho\globant-bootcamps-node\exercises\chapter_7\src\api-server\models\index.js
FN:20,(anonymous_0)
FN:23,(anonymous_1)
FN:28,(anonymous_2)
FNF:3
FNH:3
FNDA:12,(anonymous_0)
FNDA:9,(anonymous_1)
FNDA:9,(anonymous_2)
DA:3,3
DA:4,3
DA:5,3
DA:6,3
DA:7,3
DA:8,3
DA:9,3
DA:12,3
DA:13,0
DA:15,3
DA:18,3
DA:21,12
DA:24,9
DA:25,9
DA:28,3
DA:29,9
DA:30,9
DA:34,3
DA:35,3
DA:37,3
LF:20
LH:19
BRDA:7,0,0,3
BRDA:7,0,1,0
BRDA:12,1,0,0
BRDA:12,1,1,3
BRDA:21,2,0,12
BRDA:21,2,1,12
BRDA:21,2,2,9
BRDA:29,3,0,9
BRDA:29,3,1,0
BRF:9
BRH:6
end_of_record
TN:
SF:C:\Users\tincho\globant-bootcamps-node\exercises\chapter_7\src\api-server\models\profile.js
FN:2,(anonymous_0)
FN:7,(anonymous_1)
FNF:2
FNH:2
FNDA:3,(anonymous_0)
FNDA:3,(anonymous_1)
DA:2,3
DA:3,3
DA:7,3
DA:8,3
DA:9,3
DA:11,3
DA:12,3
LF:7
LH:7
BRF:0
BRH:0
end_of_record
TN:
SF:C:\Users\tincho\globant-bootcamps-node\exercises\chapter_7\src\api-server\models\role.js
FN:2,(anonymous_0)
FN:6,(anonymous_1)
FNF:2
FNH:2
FNDA:3,(anonymous_0)
FNDA:3,(anonymous_1)
DA:2,3
DA:3,3
DA:6,3
DA:7,3
DA:9,3
LF:5
LH:5
BRF:0
BRH:0
end_of_record
TN:
SF:C:\Users\tincho\globant-bootcamps-node\exercises\chapter_7\src\api-server\models\user.js
FN:2,(anonymous_0)
FN:10,(anonymous_1)
FNF:2
FNH:2
FNDA:3,(anonymous_0)
FNDA:3,(anonymous_1)
DA:2,3
DA:3,3
DA:10,3
DA:11,3
DA:13,3
DA:14,3
LF:6
LH:6
BRF:0
BRH:0
end_of_record
TN:
SF:C:\Users\tincho\globant-bootcamps-node\exercises\chapter_7\src\api-server\resources\profiles\controllers.js
FN:22,getAll
FN:24,(anonymous_1)
FN:25,(anonymous_2)
FN:30,getById
FN:32,(anonymous_4)
FN:39,(anonymous_5)
FN:45,createProfile
FN:50,(anonymous_7)
FN:52,(anonymous_8)
FN:58,updateProfile
FN:60,(anonymous_10)
FN:61,(anonymous_11)
FN:66,deleteProfile
FN:68,(anonymous_13)
FN:69,(anonymous_14)
FN:74,assignUsers
FN:76,(anonymous_16)
FN:79,(anonymous_17)
FN:81,(anonymous_18)
FN:82,(anonymous_19)
FNF:20
FNH:18
FNDA:2,getAll
FNDA:1,(anonymous_1)
FNDA:1,(anonymous_2)
FNDA:3,getById
FNDA:2,(anonymous_4)
FNDA:1,(anonymous_5)
FNDA:2,createProfile
FNDA:1,(anonymous_7)
FNDA:1,(anonymous_8)
FNDA:2,updateProfile
FNDA:1,(anonymous_10)
FNDA:1,(anonymous_11)
FNDA:2,deleteProfile
FNDA:1,(anonymous_13)
FNDA:1,(anonymous_14)
FNDA:1,assignUsers
FNDA:1,(anonymous_16)
FNDA:1,(anonymous_17)
FNDA:0,(anonymous_18)
FNDA:0,(anonymous_19)
DA:1,1
DA:2,1
DA:5,1
DA:23,2
DA:24,1
DA:26,1
DA:31,3
DA:33,2
DA:34,1
DA:36,1
DA:40,1
DA:46,2
DA:50,1
DA:53,1
DA:59,2
DA:60,1
DA:62,1
DA:67,2
DA:68,1
DA:70,1
DA:75,1
DA:77,1
DA:78,1
DA:80,1
DA:81,0
DA:83,0
DA:87,0
LF:27
LH:24
BRDA:33,0,0,1
BRDA:33,0,1,1
BRDA:77,1,0,1
BRDA:77,1,1,0
BRF:4
BRH:3
end_of_record
TN:
SF:C:\Users\tincho\globant-bootcamps-node\exercises\chapter_7\src\api-server\resources\roles\controllers.js
FN:20,getAll
FN:22,(anonymous_1)
FN:23,(anonymous_2)
FN:28,getById
FN:30,(anonymous_4)
FN:37,(anonymous_5)
FN:43,createRole
FN:47,(anonymous_7)
FN:49,(anonymous_8)
FN:55,updateRole
FN:57,(anonymous_10)
FN:58,(anonymous_11)
FN:63,deleteRole
FN:65,(anonymous_13)
FN:66,(anonymous_14)
FNF:15
FNH:15
FNDA:2,getAll
FNDA:1,(anonymous_1)
FNDA:1,(anonymous_2)
FNDA:3,getById
FNDA:2,(anonymous_4)
FNDA:1,(anonymous_5)
FNDA:2,createRole
FNDA:1,(anonymous_7)
FNDA:1,(anonymous_8)
FNDA:2,updateRole
FNDA:1,(anonymous_10)
FNDA:1,(anonymous_11)
FNDA:2,deleteRole
FNDA:1,(anonymous_13)
FNDA:1,(anonymous_14)
DA:1,1
DA:4,1
DA:21,2
DA:22,1
DA:24,1
DA:29,3
DA:31,2
DA:32,1
DA:34,1
DA:38,1
DA:44,2
DA:47,1
DA:50,1
DA:56,2
DA:57,1
DA:59,1
DA:64,2
DA:65,1
DA:67,1
LF:19
LH:19
BRDA:31,0,0,1
BRDA:31,0,1,1
BRF:2
BRH:2
end_of_record
TN:
SF:C:\Users\tincho\globant-bootcamps-node\exercises\chapter_7\src\api-server\resources\users\controllers.js
FN:20,getAll
FN:22,(anonymous_1)
FN:23,(anonymous_2)
FN:28,getById
FN:30,(anonymous_4)
FN:37,(anonymous_5)
FN:43,createUser
FN:51,(anonymous_7)
FN:53,(anonymous_8)
FN:59,updateUser
FN:61,(anonymous_10)
FN:62,(anonymous_11)
FN:67,deleteUser
FN:69,(anonymous_13)
FN:70,(anonymous_14)
FNF:15
FNH:15
FNDA:2,getAll
FNDA:1,(anonymous_1)
FNDA:1,(anonymous_2)
FNDA:3,getById
FNDA:2,(anonymous_4)
FNDA:1,(anonymous_5)
FNDA:2,createUser
FNDA:1,(anonymous_7)
FNDA:1,(anonymous_8)
FNDA:2,updateUser
FNDA:1,(anonymous_10)
FNDA:1,(anonymous_11)
FNDA:2,deleteUser
FNDA:1,(anonymous_13)
FNDA:1,(anonymous_14)
DA:1,1
DA:4,1
DA:21,2
DA:22,1
DA:24,1
DA:29,3
DA:31,2
DA:32,1
DA:34,1
DA:38,1
DA:44,2
DA:51,1
DA:54,1
DA:60,2
DA:61,1
DA:63,1
DA:68,2
DA:69,1
DA:71,1
LF:19
LH:19
BRDA:31,0,0,1
BRDA:31,0,1,1
BRF:2
BRH:2
end_of_record
TN:
SF:C:\Users\tincho\globant-bootcamps-node\exercises\chapter_7\src\test-helpers\profiles.js
FNF:0
FNH:0
DA:6,1
DA:27,1
LF:2
LH:2
BRF:0
BRH:0
end_of_record
TN:
SF:C:\Users\tincho\globant-bootcamps-node\exercises\chapter_7\src\test-helpers\roles.js
FNF:0
FNH:0
DA:6,1
DA:24,1
LF:2
LH:2
BRF:0
BRH:0
end_of_record
TN:
SF:C:\Users\tincho\globant-bootcamps-node\exercises\chapter_7\src\test-helpers\users.js
FNF:0
FNH:0
DA:6,2
DA:39,2
LF:2
LH:2
BRF:0
BRH:0
end_of_record
