{"C:\\Users\\Alejo\\Documents\\Node\\globant-bootcamps-node\\exercises\\chapter_7\\src\\api-server\\config\\config.js": {"path":"C:\\Users\\Alejo\\Documents\\Node\\globant-bootcamps-node\\exercises\\chapter_7\\src\\api-server\\config\\config.js","statementMap":{"0":{"start":{"line":1,"column":0},"end":{"line":25,"column":2}}},"fnMap":{},"branchMap":{},"s":{"0":3},"f":{},"b":{},"_coverageSchema":"43e27e138ebf9cfc5966b082cf9a028302ed4184","hash":"515c0ff94a171341a4d43d2d0f78d42c41d905b0"}
,"C:\\Users\\Alejo\\Documents\\Node\\globant-bootcamps-node\\exercises\\chapter_7\\src\\api-server\\models\\index.js": {"path":"C:\\Users\\Alejo\\Documents\\Node\\globant-bootcamps-node\\exercises\\chapter_7\\src\\api-server\\models\\index.js","statementMap":{"0":{"start":{"line":3,"column":11},"end":{"line":3,"column":24}},"1":{"start":{"line":4,"column":13},"end":{"line":4,"column":28}},"2":{"start":{"line":5,"column":18},"end":{"line":5,"column":38}},"3":{"start":{"line":6,"column":17},"end":{"line":6,"column":42}},"4":{"start":{"line":7,"column":12},"end":{"line":7,"column":49}},"5":{"start":{"line":8,"column":15},"end":{"line":8,"column":78}},"6":{"start":{"line":9,"column":11},"end":{"line":9,"column":13}},"7":{"start":{"line":12,"column":0},"end":{"line":16,"column":1}},"8":{"start":{"line":13,"column":2},"end":{"line":13,"column":74}},"9":{"start":{"line":15,"column":2},"end":{"line":15,"column":87}},"10":{"start":{"line":18,"column":0},"end":{"line":26,"column":5}},"11":{"start":{"line":21,"column":4},"end":{"line":21,"column":90}},"12":{"start":{"line":24,"column":18},"end":{"line":24,"column":65}},"13":{"start":{"line":25,"column":4},"end":{"line":25,"column":27}},"14":{"start":{"line":28,"column":0},"end":{"line":32,"column":3}},"15":{"start":{"line":29,"column":2},"end":{"line":31,"column":3}},"16":{"start":{"line":30,"column":4},"end":{"line":30,"column":32}},"17":{"start":{"line":34,"column":0},"end":{"line":34,"column":25}},"18":{"start":{"line":35,"column":0},"end":{"line":35,"column":25}},"19":{"start":{"line":37,"column":0},"end":{"line":37,"column":20}}},"fnMap":{"0":{"name":"(anonymous_0)","decl":{"start":{"line":20,"column":10},"end":{"line":20,"column":11}},"loc":{"start":{"line":20,"column":18},"end":{"line":22,"column":3}},"line":20},"1":{"name":"(anonymous_1)","decl":{"start":{"line":23,"column":11},"end":{"line":23,"column":12}},"loc":{"start":{"line":23,"column":19},"end":{"line":26,"column":3}},"line":23},"2":{"name":"(anonymous_2)","decl":{"start":{"line":28,"column":24},"end":{"line":28,"column":25}},"loc":{"start":{"line":28,"column":37},"end":{"line":32,"column":1}},"line":28}},"branchMap":{"0":{"loc":{"start":{"line":7,"column":12},"end":{"line":7,"column":49}},"type":"binary-expr","locations":[{"start":{"line":7,"column":12},"end":{"line":7,"column":32}},{"start":{"line":7,"column":36},"end":{"line":7,"column":49}}],"line":7},"1":{"loc":{"start":{"line":12,"column":0},"end":{"line":16,"column":1}},"type":"if","locations":[{"start":{"line":12,"column":0},"end":{"line":16,"column":1}},{"start":{"line":12,"column":0},"end":{"line":16,"column":1}}],"line":12},"2":{"loc":{"start":{"line":21,"column":11},"end":{"line":21,"column":89}},"type":"binary-expr","locations":[{"start":{"line":21,"column":12},"end":{"line":21,"column":35}},{"start":{"line":21,"column":41},"end":{"line":21,"column":58}},{"start":{"line":21,"column":64},"end":{"line":21,"column":88}}],"line":21},"3":{"loc":{"start":{"line":29,"column":2},"end":{"line":31,"column":3}},"type":"if","locations":[{"start":{"line":29,"column":2},"end":{"line":31,"column":3}},{"start":{"line":29,"column":2},"end":{"line":31,"column":3}}],"line":29}},"s":{"0":3,"1":3,"2":3,"3":3,"4":3,"5":3,"6":3,"7":3,"8":0,"9":3,"10":3,"11":12,"12":9,"13":9,"14":3,"15":9,"16":9,"17":3,"18":3,"19":3},"f":{"0":12,"1":9,"2":9},"b":{"0":[3,0],"1":[0,3],"2":[12,12,9],"3":[9,0]},"_coverageSchema":"43e27e138ebf9cfc5966b082cf9a028302ed4184","hash":"8281c358a5802c93e43a10c78207962e757cc7f4"}
,"C:\\Users\\Alejo\\Documents\\Node\\globant-bootcamps-node\\exercises\\chapter_7\\src\\api-server\\models\\profile.js": {"path":"C:\\Users\\Alejo\\Documents\\Node\\globant-bootcamps-node\\exercises\\chapter_7\\src\\api-server\\models\\profile.js","statementMap":{"0":{"start":{"line":2,"column":0},"end":{"line":12,"column":2}},"1":{"start":{"line":3,"column":18},"end":{"line":6,"column":8}},"2":{"start":{"line":7,"column":2},"end":{"line":10,"column":4}},"3":{"start":{"line":8,"column":4},"end":{"line":8,"column":40}},"4":{"start":{"line":9,"column":4},"end":{"line":9,"column":133}},"5":{"start":{"line":11,"column":2},"end":{"line":11,"column":17}}},"fnMap":{"0":{"name":"(anonymous_0)","decl":{"start":{"line":2,"column":17},"end":{"line":2,"column":18}},"loc":{"start":{"line":2,"column":43},"end":{"line":12,"column":1}},"line":2},"1":{"name":"(anonymous_1)","decl":{"start":{"line":7,"column":22},"end":{"line":7,"column":23}},"loc":{"start":{"line":7,"column":39},"end":{"line":10,"column":3}},"line":7}},"branchMap":{},"s":{"0":3,"1":3,"2":3,"3":3,"4":3,"5":3},"f":{"0":3,"1":3},"b":{},"_coverageSchema":"43e27e138ebf9cfc5966b082cf9a028302ed4184","hash":"c9fec10f32f9793f6ac218437471208c3564fe27"}
,"C:\\Users\\Alejo\\Documents\\Node\\globant-bootcamps-node\\exercises\\chapter_7\\src\\api-server\\models\\role.js": {"path":"C:\\Users\\Alejo\\Documents\\Node\\globant-bootcamps-node\\exercises\\chapter_7\\src\\api-server\\models\\role.js","statementMap":{"0":{"start":{"line":2,"column":0},"end":{"line":10,"column":2}},"1":{"start":{"line":3,"column":15},"end":{"line":5,"column":8}},"2":{"start":{"line":6,"column":2},"end":{"line":8,"column":4}},"3":{"start":{"line":7,"column":6},"end":{"line":7,"column":138}},"4":{"start":{"line":9,"column":2},"end":{"line":9,"column":14}}},"fnMap":{"0":{"name":"(anonymous_0)","decl":{"start":{"line":2,"column":17},"end":{"line":2,"column":18}},"loc":{"start":{"line":2,"column":43},"end":{"line":10,"column":1}},"line":2},"1":{"name":"(anonymous_1)","decl":{"start":{"line":6,"column":19},"end":{"line":6,"column":20}},"loc":{"start":{"line":6,"column":36},"end":{"line":8,"column":3}},"line":6}},"branchMap":{},"s":{"0":3,"1":3,"2":3,"3":3,"4":3},"f":{"0":3,"1":3},"b":{},"_coverageSchema":"43e27e138ebf9cfc5966b082cf9a028302ed4184","hash":"3b94312afa688c0436b31921a24dcd5e8278840a"}
,"C:\\Users\\Alejo\\Documents\\Node\\globant-bootcamps-node\\exercises\\chapter_7\\src\\api-server\\models\\user.js": {"path":"C:\\Users\\Alejo\\Documents\\Node\\globant-bootcamps-node\\exercises\\chapter_7\\src\\api-server\\models\\user.js","statementMap":{"0":{"start":{"line":2,"column":0},"end":{"line":21,"column":2}},"1":{"start":{"line":3,"column":15},"end":{"line":9,"column":8}},"2":{"start":{"line":10,"column":2},"end":{"line":18,"column":4}},"3":{"start":{"line":11,"column":6},"end":{"line":16,"column":9}},"4":{"start":{"line":20,"column":2},"end":{"line":20,"column":14}}},"fnMap":{"0":{"name":"(anonymous_0)","decl":{"start":{"line":2,"column":17},"end":{"line":2,"column":18}},"loc":{"start":{"line":2,"column":43},"end":{"line":21,"column":1}},"line":2},"1":{"name":"(anonymous_1)","decl":{"start":{"line":10,"column":19},"end":{"line":10,"column":20}},"loc":{"start":{"line":10,"column":36},"end":{"line":18,"column":3}},"line":10}},"branchMap":{},"s":{"0":3,"1":3,"2":3,"3":3,"4":3},"f":{"0":3,"1":3},"b":{},"_coverageSchema":"43e27e138ebf9cfc5966b082cf9a028302ed4184","hash":"f284d263fa6069e3286ac320253149a8e17da939"}
,"C:\\Users\\Alejo\\Documents\\Node\\globant-bootcamps-node\\exercises\\chapter_7\\src\\api-server\\resources\\profiles\\actions.js": {"path":"C:\\Users\\Alejo\\Documents\\Node\\globant-bootcamps-node\\exercises\\chapter_7\\src\\api-server\\resources\\profiles\\actions.js","statementMap":{"0":{"start":{"line":1,"column":12},"end":{"line":1,"column":26}},"1":{"start":{"line":3,"column":0},"end":{"line":10,"column":2}},"2":{"start":{"line":19,"column":16},"end":{"line":24,"column":3}},"3":{"start":{"line":25,"column":14},"end":{"line":25,"column":22}},"4":{"start":{"line":26,"column":1},"end":{"line":36,"column":4}},"5":{"start":{"line":27,"column":2},"end":{"line":35,"column":3}},"6":{"start":{"line":28,"column":3},"end":{"line":32,"column":6}},"7":{"start":{"line":34,"column":3},"end":{"line":34,"column":10}},"8":{"start":{"line":46,"column":16},"end":{"line":50,"column":3}},"9":{"start":{"line":51,"column":14},"end":{"line":51,"column":22}},"10":{"start":{"line":52,"column":1},"end":{"line":62,"column":4}},"11":{"start":{"line":53,"column":2},"end":{"line":61,"column":3}},"12":{"start":{"line":54,"column":3},"end":{"line":58,"column":6}},"13":{"start":{"line":60,"column":3},"end":{"line":60,"column":10}},"14":{"start":{"line":72,"column":16},"end":{"line":74,"column":3}},"15":{"start":{"line":75,"column":14},"end":{"line":75,"column":24}},"16":{"start":{"line":76,"column":1},"end":{"line":86,"column":7}},"17":{"start":{"line":77,"column":2},"end":{"line":85,"column":3}},"18":{"start":{"line":78,"column":3},"end":{"line":82,"column":6}},"19":{"start":{"line":84,"column":3},"end":{"line":84,"column":10}},"20":{"start":{"line":96,"column":16},"end":{"line":98,"column":3}},"21":{"start":{"line":99,"column":14},"end":{"line":99,"column":22}},"22":{"start":{"line":100,"column":1},"end":{"line":110,"column":7}},"23":{"start":{"line":101,"column":2},"end":{"line":109,"column":3}},"24":{"start":{"line":102,"column":3},"end":{"line":106,"column":6}},"25":{"start":{"line":108,"column":3},"end":{"line":108,"column":10}}},"fnMap":{"0":{"name":"validateBodyPost","decl":{"start":{"line":18,"column":9},"end":{"line":18,"column":25}},"loc":{"start":{"line":18,"column":42},"end":{"line":37,"column":1}},"line":18},"1":{"name":"(anonymous_1)","decl":{"start":{"line":26,"column":28},"end":{"line":26,"column":29}},"loc":{"start":{"line":26,"column":44},"end":{"line":36,"column":2}},"line":26},"2":{"name":"validateBodyPut","decl":{"start":{"line":45,"column":9},"end":{"line":45,"column":24}},"loc":{"start":{"line":45,"column":41},"end":{"line":63,"column":1}},"line":45},"3":{"name":"(anonymous_3)","decl":{"start":{"line":52,"column":28},"end":{"line":52,"column":29}},"loc":{"start":{"line":52,"column":44},"end":{"line":62,"column":2}},"line":52},"4":{"name":"validateId","decl":{"start":{"line":71,"column":9},"end":{"line":71,"column":19}},"loc":{"start":{"line":71,"column":36},"end":{"line":87,"column":1}},"line":71},"5":{"name":"(anonymous_5)","decl":{"start":{"line":76,"column":28},"end":{"line":76,"column":29}},"loc":{"start":{"line":76,"column":44},"end":{"line":86,"column":5}},"line":76},"6":{"name":"validateUsersId","decl":{"start":{"line":95,"column":9},"end":{"line":95,"column":24}},"loc":{"start":{"line":95,"column":41},"end":{"line":112,"column":1}},"line":95},"7":{"name":"(anonymous_7)","decl":{"start":{"line":100,"column":28},"end":{"line":100,"column":29}},"loc":{"start":{"line":100,"column":44},"end":{"line":110,"column":5}},"line":100}},"branchMap":{"0":{"loc":{"start":{"line":27,"column":2},"end":{"line":35,"column":3}},"type":"if","locations":[{"start":{"line":27,"column":2},"end":{"line":35,"column":3}},{"start":{"line":27,"column":2},"end":{"line":35,"column":3}}],"line":27},"1":{"loc":{"start":{"line":53,"column":2},"end":{"line":61,"column":3}},"type":"if","locations":[{"start":{"line":53,"column":2},"end":{"line":61,"column":3}},{"start":{"line":53,"column":2},"end":{"line":61,"column":3}}],"line":53},"2":{"loc":{"start":{"line":77,"column":2},"end":{"line":85,"column":3}},"type":"if","locations":[{"start":{"line":77,"column":2},"end":{"line":85,"column":3}},{"start":{"line":77,"column":2},"end":{"line":85,"column":3}}],"line":77},"3":{"loc":{"start":{"line":101,"column":2},"end":{"line":109,"column":3}},"type":"if","locations":[{"start":{"line":101,"column":2},"end":{"line":109,"column":3}},{"start":{"line":101,"column":2},"end":{"line":109,"column":3}}],"line":101}},"s":{"0":1,"1":1,"2":2,"3":2,"4":2,"5":2,"6":1,"7":1,"8":2,"9":2,"10":2,"11":2,"12":1,"13":1,"14":2,"15":2,"16":2,"17":2,"18":1,"19":1,"20":3,"21":3,"22":3,"23":3,"24":1,"25":2},"f":{"0":2,"1":2,"2":2,"3":2,"4":2,"5":2,"6":3,"7":3},"b":{"0":[1,1],"1":[1,1],"2":[1,1],"3":[1,2]},"_coverageSchema":"43e27e138ebf9cfc5966b082cf9a028302ed4184","hash":"5a7b59f1701998b9e5c7435ad0036b3ef066686a"}
,"C:\\Users\\Alejo\\Documents\\Node\\globant-bootcamps-node\\exercises\\chapter_7\\src\\api-server\\resources\\profiles\\controllers.js": {"path":"C:\\Users\\Alejo\\Documents\\Node\\globant-bootcamps-node\\exercises\\chapter_7\\src\\api-server\\resources\\profiles\\controllers.js","statementMap":{"0":{"start":{"line":3,"column":15},"end":{"line":3,"column":38}},"1":{"start":{"line":4,"column":10},"end":{"line":4,"column":27}},"2":{"start":{"line":6,"column":0},"end":{"line":16,"column":2}},"3":{"start":{"line":24,"column":1},"end":{"line":30,"column":5}},"4":{"start":{"line":26,"column":3},"end":{"line":26,"column":34}},"5":{"start":{"line":29,"column":3},"end":{"line":29,"column":29}},"6":{"start":{"line":39,"column":1},"end":{"line":49,"column":5}},"7":{"start":{"line":41,"column":3},"end":{"line":45,"column":4}},"8":{"start":{"line":42,"column":4},"end":{"line":42,"column":34}},"9":{"start":{"line":44,"column":4},"end":{"line":44,"column":60}},"10":{"start":{"line":48,"column":3},"end":{"line":48,"column":29}},"11":{"start":{"line":53,"column":1},"end":{"line":62,"column":5}},"12":{"start":{"line":58,"column":3},"end":{"line":58,"column":43}},"13":{"start":{"line":61,"column":3},"end":{"line":61,"column":29}},"14":{"start":{"line":66,"column":1},"end":{"line":80,"column":4}},"15":{"start":{"line":68,"column":3},"end":{"line":76,"column":4}},"16":{"start":{"line":69,"column":4},"end":{"line":72,"column":7}},"17":{"start":{"line":71,"column":6},"end":{"line":71,"column":44}},"18":{"start":{"line":75,"column":4},"end":{"line":75,"column":52}},"19":{"start":{"line":79,"column":3},"end":{"line":79,"column":51}},"20":{"start":{"line":84,"column":1},"end":{"line":98,"column":4}},"21":{"start":{"line":86,"column":3},"end":{"line":95,"column":4}},"22":{"start":{"line":87,"column":4},"end":{"line":92,"column":7}},"23":{"start":{"line":91,"column":5},"end":{"line":91,"column":34}},"24":{"start":{"line":94,"column":4},"end":{"line":94,"column":52}},"25":{"start":{"line":97,"column":3},"end":{"line":97,"column":29}},"26":{"start":{"line":102,"column":1},"end":{"line":115,"column":5}},"27":{"start":{"line":104,"column":3},"end":{"line":111,"column":4}},"28":{"start":{"line":105,"column":4},"end":{"line":108,"column":8}},"29":{"start":{"line":107,"column":6},"end":{"line":107,"column":48}},"30":{"start":{"line":110,"column":4},"end":{"line":110,"column":52}},"31":{"start":{"line":114,"column":3},"end":{"line":114,"column":29}}},"fnMap":{"0":{"name":"getAll","decl":{"start":{"line":23,"column":9},"end":{"line":23,"column":15}},"loc":{"start":{"line":23,"column":26},"end":{"line":31,"column":1}},"line":23},"1":{"name":"(anonymous_1)","decl":{"start":{"line":25,"column":8},"end":{"line":25,"column":9}},"loc":{"start":{"line":25,"column":20},"end":{"line":27,"column":3}},"line":25},"2":{"name":"(anonymous_2)","decl":{"start":{"line":28,"column":9},"end":{"line":28,"column":10}},"loc":{"start":{"line":28,"column":16},"end":{"line":30,"column":3}},"line":28},"3":{"name":"getProfileById","decl":{"start":{"line":38,"column":9},"end":{"line":38,"column":23}},"loc":{"start":{"line":38,"column":34},"end":{"line":50,"column":1}},"line":38},"4":{"name":"(anonymous_4)","decl":{"start":{"line":40,"column":8},"end":{"line":40,"column":9}},"loc":{"start":{"line":40,"column":19},"end":{"line":46,"column":3}},"line":40},"5":{"name":"(anonymous_5)","decl":{"start":{"line":47,"column":9},"end":{"line":47,"column":10}},"loc":{"start":{"line":47,"column":16},"end":{"line":49,"column":3}},"line":47},"6":{"name":"createProfile","decl":{"start":{"line":52,"column":9},"end":{"line":52,"column":22}},"loc":{"start":{"line":52,"column":33},"end":{"line":63,"column":1}},"line":52},"7":{"name":"(anonymous_7)","decl":{"start":{"line":57,"column":8},"end":{"line":57,"column":9}},"loc":{"start":{"line":57,"column":18},"end":{"line":59,"column":3}},"line":57},"8":{"name":"(anonymous_8)","decl":{"start":{"line":60,"column":9},"end":{"line":60,"column":10}},"loc":{"start":{"line":60,"column":16},"end":{"line":62,"column":3}},"line":60},"9":{"name":"setProfileToUsers","decl":{"start":{"line":65,"column":9},"end":{"line":65,"column":26}},"loc":{"start":{"line":65,"column":37},"end":{"line":81,"column":1}},"line":65},"10":{"name":"(anonymous_10)","decl":{"start":{"line":67,"column":8},"end":{"line":67,"column":9}},"loc":{"start":{"line":67,"column":19},"end":{"line":77,"column":3}},"line":67},"11":{"name":"(anonymous_11)","decl":{"start":{"line":70,"column":11},"end":{"line":70,"column":12}},"loc":{"start":{"line":70,"column":17},"end":{"line":72,"column":6}},"line":70},"12":{"name":"(anonymous_12)","decl":{"start":{"line":78,"column":9},"end":{"line":78,"column":10}},"loc":{"start":{"line":78,"column":14},"end":{"line":80,"column":3}},"line":78},"13":{"name":"updateProfile","decl":{"start":{"line":83,"column":9},"end":{"line":83,"column":22}},"loc":{"start":{"line":83,"column":33},"end":{"line":99,"column":1}},"line":83},"14":{"name":"(anonymous_14)","decl":{"start":{"line":85,"column":8},"end":{"line":85,"column":9}},"loc":{"start":{"line":85,"column":19},"end":{"line":96,"column":3}},"line":85},"15":{"name":"(anonymous_15)","decl":{"start":{"line":90,"column":32},"end":{"line":90,"column":33}},"loc":{"start":{"line":90,"column":38},"end":{"line":92,"column":5}},"line":90},"16":{"name":"(anonymous_16)","decl":{"start":{"line":96,"column":11},"end":{"line":96,"column":12}},"loc":{"start":{"line":96,"column":18},"end":{"line":98,"column":3}},"line":96},"17":{"name":"deleteProfile","decl":{"start":{"line":101,"column":9},"end":{"line":101,"column":22}},"loc":{"start":{"line":101,"column":33},"end":{"line":117,"column":1}},"line":101},"18":{"name":"(anonymous_18)","decl":{"start":{"line":103,"column":8},"end":{"line":103,"column":9}},"loc":{"start":{"line":103,"column":19},"end":{"line":112,"column":3}},"line":103},"19":{"name":"(anonymous_19)","decl":{"start":{"line":106,"column":11},"end":{"line":106,"column":12}},"loc":{"start":{"line":106,"column":21},"end":{"line":108,"column":6}},"line":106},"20":{"name":"(anonymous_20)","decl":{"start":{"line":113,"column":9},"end":{"line":113,"column":10}},"loc":{"start":{"line":113,"column":16},"end":{"line":115,"column":3}},"line":113}},"branchMap":{"0":{"loc":{"start":{"line":41,"column":3},"end":{"line":45,"column":4}},"type":"if","locations":[{"start":{"line":41,"column":3},"end":{"line":45,"column":4}},{"start":{"line":41,"column":3},"end":{"line":45,"column":4}}],"line":41},"1":{"loc":{"start":{"line":68,"column":3},"end":{"line":76,"column":4}},"type":"if","locations":[{"start":{"line":68,"column":3},"end":{"line":76,"column":4}},{"start":{"line":68,"column":3},"end":{"line":76,"column":4}}],"line":68},"2":{"loc":{"start":{"line":86,"column":3},"end":{"line":95,"column":4}},"type":"if","locations":[{"start":{"line":86,"column":3},"end":{"line":95,"column":4}},{"start":{"line":86,"column":3},"end":{"line":95,"column":4}}],"line":86},"3":{"loc":{"start":{"line":104,"column":3},"end":{"line":111,"column":4}},"type":"if","locations":[{"start":{"line":104,"column":3},"end":{"line":111,"column":4}},{"start":{"line":104,"column":3},"end":{"line":111,"column":4}}],"line":104}},"s":{"0":1,"1":1,"2":1,"3":1,"4":1,"5":0,"6":4,"7":3,"8":1,"9":2,"10":1,"11":2,"12":1,"13":1,"14":3,"15":2,"16":1,"17":1,"18":1,"19":1,"20":2,"21":1,"22":0,"23":0,"24":1,"25":1,"26":2,"27":1,"28":0,"29":0,"30":1,"31":1},"f":{"0":1,"1":1,"2":0,"3":4,"4":3,"5":1,"6":2,"7":1,"8":1,"9":3,"10":2,"11":1,"12":1,"13":2,"14":1,"15":0,"16":1,"17":2,"18":1,"19":0,"20":1},"b":{"0":[1,2],"1":[1,1],"2":[0,1],"3":[0,1]},"_coverageSchema":"43e27e138ebf9cfc5966b082cf9a028302ed4184","hash":"be4b607826b5606eeb3eb77e9435d92a1abb2448"}
,"C:\\Users\\Alejo\\Documents\\Node\\globant-bootcamps-node\\exercises\\chapter_7\\src\\api-server\\resources\\roles\\actions.js": {"path":"C:\\Users\\Alejo\\Documents\\Node\\globant-bootcamps-node\\exercises\\chapter_7\\src\\api-server\\resources\\roles\\actions.js","statementMap":{"0":{"start":{"line":1,"column":12},"end":{"line":1,"column":26}},"1":{"start":{"line":3,"column":0},"end":{"line":9,"column":2}},"2":{"start":{"line":18,"column":16},"end":{"line":22,"column":3}},"3":{"start":{"line":23,"column":14},"end":{"line":23,"column":22}},"4":{"start":{"line":24,"column":1},"end":{"line":34,"column":4}},"5":{"start":{"line":25,"column":2},"end":{"line":33,"column":3}},"6":{"start":{"line":26,"column":3},"end":{"line":30,"column":6}},"7":{"start":{"line":32,"column":3},"end":{"line":32,"column":10}},"8":{"start":{"line":44,"column":16},"end":{"line":47,"column":3}},"9":{"start":{"line":48,"column":14},"end":{"line":48,"column":22}},"10":{"start":{"line":49,"column":1},"end":{"line":59,"column":4}},"11":{"start":{"line":50,"column":2},"end":{"line":58,"column":3}},"12":{"start":{"line":51,"column":3},"end":{"line":55,"column":6}},"13":{"start":{"line":57,"column":3},"end":{"line":57,"column":10}},"14":{"start":{"line":69,"column":17},"end":{"line":71,"column":4}},"15":{"start":{"line":72,"column":15},"end":{"line":72,"column":25}},"16":{"start":{"line":73,"column":2},"end":{"line":83,"column":5}},"17":{"start":{"line":74,"column":4},"end":{"line":82,"column":5}},"18":{"start":{"line":75,"column":6},"end":{"line":79,"column":9}},"19":{"start":{"line":81,"column":6},"end":{"line":81,"column":13}}},"fnMap":{"0":{"name":"validateBodyPost","decl":{"start":{"line":17,"column":9},"end":{"line":17,"column":25}},"loc":{"start":{"line":17,"column":42},"end":{"line":35,"column":1}},"line":17},"1":{"name":"(anonymous_1)","decl":{"start":{"line":24,"column":28},"end":{"line":24,"column":29}},"loc":{"start":{"line":24,"column":44},"end":{"line":34,"column":2}},"line":24},"2":{"name":"validateBodyPut","decl":{"start":{"line":43,"column":9},"end":{"line":43,"column":24}},"loc":{"start":{"line":43,"column":41},"end":{"line":60,"column":1}},"line":43},"3":{"name":"(anonymous_3)","decl":{"start":{"line":49,"column":28},"end":{"line":49,"column":29}},"loc":{"start":{"line":49,"column":44},"end":{"line":59,"column":2}},"line":49},"4":{"name":"validateId","decl":{"start":{"line":68,"column":9},"end":{"line":68,"column":19}},"loc":{"start":{"line":68,"column":36},"end":{"line":85,"column":1}},"line":68},"5":{"name":"(anonymous_5)","decl":{"start":{"line":73,"column":29},"end":{"line":73,"column":30}},"loc":{"start":{"line":73,"column":45},"end":{"line":83,"column":3}},"line":73}},"branchMap":{"0":{"loc":{"start":{"line":25,"column":2},"end":{"line":33,"column":3}},"type":"if","locations":[{"start":{"line":25,"column":2},"end":{"line":33,"column":3}},{"start":{"line":25,"column":2},"end":{"line":33,"column":3}}],"line":25},"1":{"loc":{"start":{"line":50,"column":2},"end":{"line":58,"column":3}},"type":"if","locations":[{"start":{"line":50,"column":2},"end":{"line":58,"column":3}},{"start":{"line":50,"column":2},"end":{"line":58,"column":3}}],"line":50},"2":{"loc":{"start":{"line":74,"column":4},"end":{"line":82,"column":5}},"type":"if","locations":[{"start":{"line":74,"column":4},"end":{"line":82,"column":5}},{"start":{"line":74,"column":4},"end":{"line":82,"column":5}}],"line":74}},"s":{"0":1,"1":1,"2":2,"3":2,"4":2,"5":2,"6":1,"7":1,"8":2,"9":2,"10":2,"11":2,"12":1,"13":1,"14":2,"15":2,"16":2,"17":2,"18":1,"19":1},"f":{"0":2,"1":2,"2":2,"3":2,"4":2,"5":2},"b":{"0":[1,1],"1":[1,1],"2":[1,1]},"_coverageSchema":"43e27e138ebf9cfc5966b082cf9a028302ed4184","hash":"25bbb37b53c60ff7f96cc56e55878d9f3c6b6990"}
,"C:\\Users\\Alejo\\Documents\\Node\\globant-bootcamps-node\\exercises\\chapter_7\\src\\api-server\\resources\\roles\\controllers.js": {"path":"C:\\Users\\Alejo\\Documents\\Node\\globant-bootcamps-node\\exercises\\chapter_7\\src\\api-server\\resources\\roles\\controllers.js","statementMap":{"0":{"start":{"line":3,"column":15},"end":{"line":3,"column":38}},"1":{"start":{"line":4,"column":10},"end":{"line":4,"column":27}},"2":{"start":{"line":6,"column":0},"end":{"line":15,"column":2}},"3":{"start":{"line":25,"column":1},"end":{"line":31,"column":5}},"4":{"start":{"line":27,"column":3},"end":{"line":27,"column":31}},"5":{"start":{"line":30,"column":3},"end":{"line":30,"column":29}},"6":{"start":{"line":40,"column":1},"end":{"line":50,"column":5}},"7":{"start":{"line":42,"column":3},"end":{"line":46,"column":4}},"8":{"start":{"line":43,"column":4},"end":{"line":43,"column":31}},"9":{"start":{"line":45,"column":4},"end":{"line":45,"column":57}},"10":{"start":{"line":49,"column":3},"end":{"line":49,"column":29}},"11":{"start":{"line":54,"column":1},"end":{"line":62,"column":5}},"12":{"start":{"line":58,"column":3},"end":{"line":58,"column":40}},"13":{"start":{"line":61,"column":3},"end":{"line":61,"column":29}},"14":{"start":{"line":66,"column":1},"end":{"line":78,"column":3}},"15":{"start":{"line":67,"column":2},"end":{"line":75,"column":3}},"16":{"start":{"line":68,"column":3},"end":{"line":72,"column":6}},"17":{"start":{"line":71,"column":4},"end":{"line":71,"column":30}},"18":{"start":{"line":74,"column":3},"end":{"line":74,"column":48}},"19":{"start":{"line":77,"column":2},"end":{"line":77,"column":28}},"20":{"start":{"line":82,"column":1},"end":{"line":95,"column":5}},"21":{"start":{"line":84,"column":3},"end":{"line":91,"column":4}},"22":{"start":{"line":85,"column":4},"end":{"line":88,"column":8}},"23":{"start":{"line":87,"column":6},"end":{"line":87,"column":45}},"24":{"start":{"line":90,"column":4},"end":{"line":90,"column":49}},"25":{"start":{"line":94,"column":3},"end":{"line":94,"column":29}}},"fnMap":{"0":{"name":"getAll","decl":{"start":{"line":24,"column":9},"end":{"line":24,"column":15}},"loc":{"start":{"line":24,"column":26},"end":{"line":32,"column":1}},"line":24},"1":{"name":"(anonymous_1)","decl":{"start":{"line":26,"column":8},"end":{"line":26,"column":9}},"loc":{"start":{"line":26,"column":17},"end":{"line":28,"column":3}},"line":26},"2":{"name":"(anonymous_2)","decl":{"start":{"line":29,"column":9},"end":{"line":29,"column":10}},"loc":{"start":{"line":29,"column":16},"end":{"line":31,"column":3}},"line":29},"3":{"name":"getRoleById","decl":{"start":{"line":39,"column":9},"end":{"line":39,"column":20}},"loc":{"start":{"line":39,"column":31},"end":{"line":51,"column":1}},"line":39},"4":{"name":"(anonymous_4)","decl":{"start":{"line":41,"column":8},"end":{"line":41,"column":9}},"loc":{"start":{"line":41,"column":16},"end":{"line":47,"column":3}},"line":41},"5":{"name":"(anonymous_5)","decl":{"start":{"line":48,"column":9},"end":{"line":48,"column":10}},"loc":{"start":{"line":48,"column":16},"end":{"line":50,"column":3}},"line":48},"6":{"name":"createRole","decl":{"start":{"line":53,"column":9},"end":{"line":53,"column":19}},"loc":{"start":{"line":53,"column":30},"end":{"line":63,"column":1}},"line":53},"7":{"name":"(anonymous_7)","decl":{"start":{"line":57,"column":8},"end":{"line":57,"column":9}},"loc":{"start":{"line":57,"column":14},"end":{"line":59,"column":3}},"line":57},"8":{"name":"(anonymous_8)","decl":{"start":{"line":60,"column":9},"end":{"line":60,"column":10}},"loc":{"start":{"line":60,"column":16},"end":{"line":62,"column":3}},"line":60},"9":{"name":"updateRole","decl":{"start":{"line":65,"column":9},"end":{"line":65,"column":19}},"loc":{"start":{"line":65,"column":30},"end":{"line":79,"column":1}},"line":65},"10":{"name":"(anonymous_10)","decl":{"start":{"line":66,"column":53},"end":{"line":66,"column":54}},"loc":{"start":{"line":66,"column":61},"end":{"line":76,"column":2}},"line":66},"11":{"name":"(anonymous_11)","decl":{"start":{"line":70,"column":31},"end":{"line":70,"column":32}},"loc":{"start":{"line":70,"column":41},"end":{"line":72,"column":4}},"line":70},"12":{"name":"(anonymous_12)","decl":{"start":{"line":76,"column":10},"end":{"line":76,"column":11}},"loc":{"start":{"line":76,"column":17},"end":{"line":78,"column":2}},"line":76},"13":{"name":"deleteRole","decl":{"start":{"line":81,"column":9},"end":{"line":81,"column":19}},"loc":{"start":{"line":81,"column":30},"end":{"line":97,"column":1}},"line":81},"14":{"name":"(anonymous_14)","decl":{"start":{"line":83,"column":8},"end":{"line":83,"column":9}},"loc":{"start":{"line":83,"column":16},"end":{"line":92,"column":3}},"line":83},"15":{"name":"(anonymous_15)","decl":{"start":{"line":86,"column":11},"end":{"line":86,"column":12}},"loc":{"start":{"line":86,"column":21},"end":{"line":88,"column":6}},"line":86},"16":{"name":"(anonymous_16)","decl":{"start":{"line":93,"column":9},"end":{"line":93,"column":10}},"loc":{"start":{"line":93,"column":16},"end":{"line":95,"column":3}},"line":93}},"branchMap":{"0":{"loc":{"start":{"line":42,"column":3},"end":{"line":46,"column":4}},"type":"if","locations":[{"start":{"line":42,"column":3},"end":{"line":46,"column":4}},{"start":{"line":42,"column":3},"end":{"line":46,"column":4}}],"line":42},"1":{"loc":{"start":{"line":67,"column":2},"end":{"line":75,"column":3}},"type":"if","locations":[{"start":{"line":67,"column":2},"end":{"line":75,"column":3}},{"start":{"line":67,"column":2},"end":{"line":75,"column":3}}],"line":67},"2":{"loc":{"start":{"line":84,"column":3},"end":{"line":91,"column":4}},"type":"if","locations":[{"start":{"line":84,"column":3},"end":{"line":91,"column":4}},{"start":{"line":84,"column":3},"end":{"line":91,"column":4}}],"line":84}},"s":{"0":1,"1":1,"2":1,"3":1,"4":1,"5":0,"6":4,"7":3,"8":1,"9":2,"10":1,"11":2,"12":1,"13":1,"14":2,"15":1,"16":0,"17":0,"18":1,"19":1,"20":2,"21":1,"22":0,"23":0,"24":1,"25":1},"f":{"0":1,"1":1,"2":0,"3":4,"4":3,"5":1,"6":2,"7":1,"8":1,"9":2,"10":1,"11":0,"12":1,"13":2,"14":1,"15":0,"16":1},"b":{"0":[1,2],"1":[0,1],"2":[0,1]},"_coverageSchema":"43e27e138ebf9cfc5966b082cf9a028302ed4184","hash":"486313c5af176a62ca2a02b3c0550da5d2573d3e"}
,"C:\\Users\\Alejo\\Documents\\Node\\globant-bootcamps-node\\exercises\\chapter_7\\src\\api-server\\resources\\users\\actions.js": {"path":"C:\\Users\\Alejo\\Documents\\Node\\globant-bootcamps-node\\exercises\\chapter_7\\src\\api-server\\resources\\users\\actions.js","statementMap":{"0":{"start":{"line":2,"column":12},"end":{"line":2,"column":26}},"1":{"start":{"line":4,"column":0},"end":{"line":10,"column":1}},"2":{"start":{"line":20,"column":16},"end":{"line":26,"column":3}},"3":{"start":{"line":27,"column":14},"end":{"line":27,"column":22}},"4":{"start":{"line":28,"column":1},"end":{"line":38,"column":4}},"5":{"start":{"line":29,"column":2},"end":{"line":37,"column":3}},"6":{"start":{"line":30,"column":3},"end":{"line":34,"column":6}},"7":{"start":{"line":36,"column":3},"end":{"line":36,"column":10}},"8":{"start":{"line":49,"column":16},"end":{"line":55,"column":3}},"9":{"start":{"line":56,"column":14},"end":{"line":56,"column":22}},"10":{"start":{"line":57,"column":1},"end":{"line":67,"column":4}},"11":{"start":{"line":58,"column":2},"end":{"line":66,"column":3}},"12":{"start":{"line":59,"column":3},"end":{"line":63,"column":6}},"13":{"start":{"line":65,"column":3},"end":{"line":65,"column":10}},"14":{"start":{"line":77,"column":19},"end":{"line":79,"column":6}},"15":{"start":{"line":80,"column":17},"end":{"line":80,"column":27}},"16":{"start":{"line":81,"column":4},"end":{"line":91,"column":3}},"17":{"start":{"line":82,"column":8},"end":{"line":90,"column":9}},"18":{"start":{"line":83,"column":12},"end":{"line":87,"column":14}},"19":{"start":{"line":89,"column":12},"end":{"line":89,"column":19}}},"fnMap":{"0":{"name":"validateBodyPost","decl":{"start":{"line":19,"column":9},"end":{"line":19,"column":25}},"loc":{"start":{"line":19,"column":42},"end":{"line":39,"column":1}},"line":19},"1":{"name":"(anonymous_1)","decl":{"start":{"line":28,"column":28},"end":{"line":28,"column":29}},"loc":{"start":{"line":28,"column":44},"end":{"line":38,"column":2}},"line":28},"2":{"name":"validateBodyPut","decl":{"start":{"line":48,"column":9},"end":{"line":48,"column":24}},"loc":{"start":{"line":48,"column":41},"end":{"line":68,"column":1}},"line":48},"3":{"name":"(anonymous_3)","decl":{"start":{"line":57,"column":28},"end":{"line":57,"column":29}},"loc":{"start":{"line":57,"column":44},"end":{"line":67,"column":2}},"line":57},"4":{"name":"validateId","decl":{"start":{"line":76,"column":9},"end":{"line":76,"column":19}},"loc":{"start":{"line":76,"column":36},"end":{"line":93,"column":1}},"line":76},"5":{"name":"(anonymous_5)","decl":{"start":{"line":81,"column":31},"end":{"line":81,"column":32}},"loc":{"start":{"line":81,"column":40},"end":{"line":91,"column":2}},"line":81}},"branchMap":{"0":{"loc":{"start":{"line":29,"column":2},"end":{"line":37,"column":3}},"type":"if","locations":[{"start":{"line":29,"column":2},"end":{"line":37,"column":3}},{"start":{"line":29,"column":2},"end":{"line":37,"column":3}}],"line":29},"1":{"loc":{"start":{"line":58,"column":2},"end":{"line":66,"column":3}},"type":"if","locations":[{"start":{"line":58,"column":2},"end":{"line":66,"column":3}},{"start":{"line":58,"column":2},"end":{"line":66,"column":3}}],"line":58},"2":{"loc":{"start":{"line":82,"column":8},"end":{"line":90,"column":9}},"type":"if","locations":[{"start":{"line":82,"column":8},"end":{"line":90,"column":9}},{"start":{"line":82,"column":8},"end":{"line":90,"column":9}}],"line":82}},"s":{"0":1,"1":1,"2":2,"3":2,"4":2,"5":2,"6":1,"7":1,"8":2,"9":2,"10":2,"11":2,"12":1,"13":1,"14":2,"15":2,"16":2,"17":2,"18":1,"19":1},"f":{"0":2,"1":2,"2":2,"3":2,"4":2,"5":2},"b":{"0":[1,1],"1":[1,1],"2":[1,1]},"_coverageSchema":"43e27e138ebf9cfc5966b082cf9a028302ed4184","hash":"7fc47a984b8bee891ba76f8c4dc42a060413acc6"}
,"C:\\Users\\Alejo\\Documents\\Node\\globant-bootcamps-node\\exercises\\chapter_7\\src\\api-server\\resources\\users\\controllers.js": {"path":"C:\\Users\\Alejo\\Documents\\Node\\globant-bootcamps-node\\exercises\\chapter_7\\src\\api-server\\resources\\users\\controllers.js","statementMap":{"0":{"start":{"line":3,"column":15},"end":{"line":3,"column":38}},"1":{"start":{"line":4,"column":10},"end":{"line":4,"column":27}},"2":{"start":{"line":7,"column":0},"end":{"line":15,"column":2}},"3":{"start":{"line":25,"column":4},"end":{"line":33,"column":7}},"4":{"start":{"line":30,"column":8},"end":{"line":30,"column":36}},"5":{"start":{"line":32,"column":8},"end":{"line":32,"column":34}},"6":{"start":{"line":42,"column":4},"end":{"line":60,"column":7}},"7":{"start":{"line":53,"column":8},"end":{"line":57,"column":9}},"8":{"start":{"line":54,"column":12},"end":{"line":54,"column":39}},"9":{"start":{"line":56,"column":12},"end":{"line":56,"column":65}},"10":{"start":{"line":59,"column":8},"end":{"line":59,"column":34}},"11":{"start":{"line":64,"column":4},"end":{"line":76,"column":11}},"12":{"start":{"line":72,"column":12},"end":{"line":72,"column":49}},"13":{"start":{"line":75,"column":12},"end":{"line":75,"column":38}},"14":{"start":{"line":80,"column":4},"end":{"line":96,"column":6}},"15":{"start":{"line":81,"column":8},"end":{"line":93,"column":9}},"16":{"start":{"line":82,"column":12},"end":{"line":90,"column":15}},"17":{"start":{"line":89,"column":16},"end":{"line":89,"column":42}},"18":{"start":{"line":92,"column":12},"end":{"line":92,"column":57}},"19":{"start":{"line":95,"column":8},"end":{"line":95,"column":34}},"20":{"start":{"line":100,"column":4},"end":{"line":112,"column":11}},"21":{"start":{"line":102,"column":12},"end":{"line":109,"column":13}},"22":{"start":{"line":103,"column":17},"end":{"line":106,"column":23}},"23":{"start":{"line":105,"column":24},"end":{"line":105,"column":63}},"24":{"start":{"line":108,"column":16},"end":{"line":108,"column":61}},"25":{"start":{"line":111,"column":12},"end":{"line":111,"column":38}}},"fnMap":{"0":{"name":"getAll","decl":{"start":{"line":24,"column":9},"end":{"line":24,"column":15}},"loc":{"start":{"line":24,"column":26},"end":{"line":34,"column":1}},"line":24},"1":{"name":"(anonymous_1)","decl":{"start":{"line":29,"column":12},"end":{"line":29,"column":13}},"loc":{"start":{"line":29,"column":21},"end":{"line":31,"column":5}},"line":29},"2":{"name":"(anonymous_2)","decl":{"start":{"line":31,"column":13},"end":{"line":31,"column":14}},"loc":{"start":{"line":31,"column":20},"end":{"line":33,"column":5}},"line":31},"3":{"name":"getUserById","decl":{"start":{"line":41,"column":9},"end":{"line":41,"column":20}},"loc":{"start":{"line":41,"column":31},"end":{"line":61,"column":1}},"line":41},"4":{"name":"(anonymous_4)","decl":{"start":{"line":52,"column":12},"end":{"line":52,"column":13}},"loc":{"start":{"line":52,"column":20},"end":{"line":58,"column":5}},"line":52},"5":{"name":"(anonymous_5)","decl":{"start":{"line":58,"column":13},"end":{"line":58,"column":14}},"loc":{"start":{"line":58,"column":20},"end":{"line":60,"column":5}},"line":58},"6":{"name":"createUser","decl":{"start":{"line":63,"column":9},"end":{"line":63,"column":19}},"loc":{"start":{"line":63,"column":30},"end":{"line":77,"column":1}},"line":63},"7":{"name":"(anonymous_7)","decl":{"start":{"line":71,"column":14},"end":{"line":71,"column":15}},"loc":{"start":{"line":71,"column":20},"end":{"line":73,"column":9}},"line":71},"8":{"name":"(anonymous_8)","decl":{"start":{"line":74,"column":15},"end":{"line":74,"column":16}},"loc":{"start":{"line":74,"column":22},"end":{"line":76,"column":9}},"line":74},"9":{"name":"updateUser","decl":{"start":{"line":79,"column":9},"end":{"line":79,"column":19}},"loc":{"start":{"line":79,"column":30},"end":{"line":97,"column":1}},"line":79},"10":{"name":"(anonymous_10)","decl":{"start":{"line":80,"column":56},"end":{"line":80,"column":57}},"loc":{"start":{"line":80,"column":64},"end":{"line":94,"column":5}},"line":80},"11":{"name":"(anonymous_11)","decl":{"start":{"line":88,"column":40},"end":{"line":88,"column":41}},"loc":{"start":{"line":88,"column":50},"end":{"line":90,"column":13}},"line":88},"12":{"name":"(anonymous_12)","decl":{"start":{"line":94,"column":13},"end":{"line":94,"column":14}},"loc":{"start":{"line":94,"column":20},"end":{"line":96,"column":5}},"line":94},"13":{"name":"deleteUser","decl":{"start":{"line":99,"column":9},"end":{"line":99,"column":19}},"loc":{"start":{"line":99,"column":30},"end":{"line":114,"column":1}},"line":99},"14":{"name":"(anonymous_14)","decl":{"start":{"line":101,"column":14},"end":{"line":101,"column":15}},"loc":{"start":{"line":101,"column":22},"end":{"line":110,"column":9}},"line":101},"15":{"name":"(anonymous_15)","decl":{"start":{"line":104,"column":26},"end":{"line":104,"column":27}},"loc":{"start":{"line":104,"column":32},"end":{"line":106,"column":21}},"line":104},"16":{"name":"(anonymous_16)","decl":{"start":{"line":110,"column":17},"end":{"line":110,"column":18}},"loc":{"start":{"line":110,"column":24},"end":{"line":112,"column":9}},"line":110}},"branchMap":{"0":{"loc":{"start":{"line":53,"column":8},"end":{"line":57,"column":9}},"type":"if","locations":[{"start":{"line":53,"column":8},"end":{"line":57,"column":9}},{"start":{"line":53,"column":8},"end":{"line":57,"column":9}}],"line":53},"1":{"loc":{"start":{"line":81,"column":8},"end":{"line":93,"column":9}},"type":"if","locations":[{"start":{"line":81,"column":8},"end":{"line":93,"column":9}},{"start":{"line":81,"column":8},"end":{"line":93,"column":9}}],"line":81},"2":{"loc":{"start":{"line":102,"column":12},"end":{"line":109,"column":13}},"type":"if","locations":[{"start":{"line":102,"column":12},"end":{"line":109,"column":13}},{"start":{"line":102,"column":12},"end":{"line":109,"column":13}}],"line":102}},"s":{"0":1,"1":1,"2":1,"3":1,"4":1,"5":0,"6":4,"7":3,"8":1,"9":2,"10":1,"11":2,"12":1,"13":1,"14":2,"15":1,"16":0,"17":0,"18":1,"19":1,"20":2,"21":1,"22":0,"23":0,"24":1,"25":1},"f":{"0":1,"1":1,"2":0,"3":4,"4":3,"5":1,"6":2,"7":1,"8":1,"9":2,"10":1,"11":0,"12":1,"13":2,"14":1,"15":0,"16":1},"b":{"0":[1,2],"1":[0,1],"2":[0,1]},"_coverageSchema":"43e27e138ebf9cfc5966b082cf9a028302ed4184","hash":"f20c4368dcb57fb71af939f7df29c3ea46d32947"}
,"C:\\Users\\Alejo\\Documents\\Node\\globant-bootcamps-node\\exercises\\chapter_7\\src\\test-helpers\\profiles.js": {"path":"C:\\Users\\Alejo\\Documents\\Node\\globant-bootcamps-node\\exercises\\chapter_7\\src\\test-helpers\\profiles.js","statementMap":{"0":{"start":{"line":6,"column":21},"end":{"line":25,"column":1}},"1":{"start":{"line":27,"column":0},"end":{"line":29,"column":2}}},"fnMap":{},"branchMap":{},"s":{"0":1,"1":1},"f":{},"b":{},"_coverageSchema":"43e27e138ebf9cfc5966b082cf9a028302ed4184","hash":"4d2bfea5deb593ed41797e77126f8827dc9bdb7f"}
,"C:\\Users\\Alejo\\Documents\\Node\\globant-bootcamps-node\\exercises\\chapter_7\\src\\test-helpers\\roles.js": {"path":"C:\\Users\\Alejo\\Documents\\Node\\globant-bootcamps-node\\exercises\\chapter_7\\src\\test-helpers\\roles.js","statementMap":{"0":{"start":{"line":6,"column":18},"end":{"line":22,"column":1}},"1":{"start":{"line":24,"column":0},"end":{"line":26,"column":2}}},"fnMap":{},"branchMap":{},"s":{"0":1,"1":1},"f":{},"b":{},"_coverageSchema":"43e27e138ebf9cfc5966b082cf9a028302ed4184","hash":"47e4798e16f3ebe475f338ae677cfbdc01652144"}
,"C:\\Users\\Alejo\\Documents\\Node\\globant-bootcamps-node\\exercises\\chapter_7\\src\\test-helpers\\users.js": {"path":"C:\\Users\\Alejo\\Documents\\Node\\globant-bootcamps-node\\exercises\\chapter_7\\src\\test-helpers\\users.js","statementMap":{"0":{"start":{"line":6,"column":18},"end":{"line":37,"column":1}},"1":{"start":{"line":39,"column":0},"end":{"line":41,"column":2}}},"fnMap":{},"branchMap":{},"s":{"0":1,"1":1},"f":{},"b":{},"_coverageSchema":"43e27e138ebf9cfc5966b082cf9a028302ed4184","hash":"7e4eff54e0883f9439ed58bdf14524949ce8fdb6"}
}
