{"E:\\Back up\\Bootcamps\\globant-bootcamps-node\\exercises\\chapter_7\\src\\api-server\\models\\index.js": {"path":"E:\\Back up\\Bootcamps\\globant-bootcamps-node\\exercises\\chapter_7\\src\\api-server\\models\\index.js","statementMap":{"0":{"start":{"line":3,"column":11},"end":{"line":3,"column":24}},"1":{"start":{"line":4,"column":13},"end":{"line":4,"column":28}},"2":{"start":{"line":5,"column":18},"end":{"line":5,"column":38}},"3":{"start":{"line":6,"column":17},"end":{"line":6,"column":42}},"4":{"start":{"line":7,"column":12},"end":{"line":7,"column":49}},"5":{"start":{"line":8,"column":15},"end":{"line":8,"column":80}},"6":{"start":{"line":9,"column":11},"end":{"line":9,"column":13}},"7":{"start":{"line":12,"column":0},"end":{"line":16,"column":1}},"8":{"start":{"line":13,"column":2},"end":{"line":13,"column":74}},"9":{"start":{"line":15,"column":2},"end":{"line":15,"column":87}},"10":{"start":{"line":18,"column":0},"end":{"line":26,"column":5}},"11":{"start":{"line":21,"column":4},"end":{"line":21,"column":90}},"12":{"start":{"line":24,"column":18},"end":{"line":24,"column":65}},"13":{"start":{"line":25,"column":4},"end":{"line":25,"column":27}},"14":{"start":{"line":28,"column":0},"end":{"line":32,"column":3}},"15":{"start":{"line":29,"column":2},"end":{"line":31,"column":3}},"16":{"start":{"line":30,"column":4},"end":{"line":30,"column":32}},"17":{"start":{"line":34,"column":0},"end":{"line":34,"column":25}},"18":{"start":{"line":35,"column":0},"end":{"line":35,"column":25}},"19":{"start":{"line":37,"column":0},"end":{"line":37,"column":20}}},"fnMap":{"0":{"name":"(anonymous_0)","decl":{"start":{"line":20,"column":10},"end":{"line":20,"column":11}},"loc":{"start":{"line":20,"column":18},"end":{"line":22,"column":3}},"line":20},"1":{"name":"(anonymous_1)","decl":{"start":{"line":23,"column":11},"end":{"line":23,"column":12}},"loc":{"start":{"line":23,"column":19},"end":{"line":26,"column":3}},"line":23},"2":{"name":"(anonymous_2)","decl":{"start":{"line":28,"column":24},"end":{"line":28,"column":25}},"loc":{"start":{"line":28,"column":37},"end":{"line":32,"column":1}},"line":28}},"branchMap":{"0":{"loc":{"start":{"line":7,"column":12},"end":{"line":7,"column":49}},"type":"binary-expr","locations":[{"start":{"line":7,"column":12},"end":{"line":7,"column":32}},{"start":{"line":7,"column":36},"end":{"line":7,"column":49}}],"line":7},"1":{"loc":{"start":{"line":12,"column":0},"end":{"line":16,"column":1}},"type":"if","locations":[{"start":{"line":12,"column":0},"end":{"line":16,"column":1}},{"start":{"line":12,"column":0},"end":{"line":16,"column":1}}],"line":12},"2":{"loc":{"start":{"line":21,"column":11},"end":{"line":21,"column":89}},"type":"binary-expr","locations":[{"start":{"line":21,"column":12},"end":{"line":21,"column":35}},{"start":{"line":21,"column":41},"end":{"line":21,"column":58}},{"start":{"line":21,"column":64},"end":{"line":21,"column":88}}],"line":21},"3":{"loc":{"start":{"line":29,"column":2},"end":{"line":31,"column":3}},"type":"if","locations":[{"start":{"line":29,"column":2},"end":{"line":31,"column":3}},{"start":{"line":29,"column":2},"end":{"line":31,"column":3}}],"line":29}},"s":{"0":3,"1":3,"2":3,"3":3,"4":3,"5":3,"6":3,"7":3,"8":0,"9":3,"10":3,"11":12,"12":9,"13":9,"14":3,"15":9,"16":9,"17":3,"18":3,"19":3},"f":{"0":12,"1":9,"2":9},"b":{"0":[3,0],"1":[0,3],"2":[12,12,9],"3":[9,0]},"_coverageSchema":"43e27e138ebf9cfc5966b082cf9a028302ed4184","hash":"3499a3018286819624652bb8aeb09a08415453f1"}
,"E:\\Back up\\Bootcamps\\globant-bootcamps-node\\exercises\\chapter_7\\src\\api-server\\models\\profile.js": {"path":"E:\\Back up\\Bootcamps\\globant-bootcamps-node\\exercises\\chapter_7\\src\\api-server\\models\\profile.js","statementMap":{"0":{"start":{"line":2,"column":0},"end":{"line":22,"column":2}},"1":{"start":{"line":3,"column":18},"end":{"line":10,"column":3}},"2":{"start":{"line":11,"column":2},"end":{"line":19,"column":4}},"3":{"start":{"line":12,"column":4},"end":{"line":12,"column":79}},"4":{"start":{"line":13,"column":4},"end":{"line":18,"column":7}},"5":{"start":{"line":21,"column":2},"end":{"line":21,"column":17}}},"fnMap":{"0":{"name":"(anonymous_0)","decl":{"start":{"line":2,"column":17},"end":{"line":2,"column":18}},"loc":{"start":{"line":2,"column":43},"end":{"line":22,"column":1}},"line":2},"1":{"name":"(anonymous_1)","decl":{"start":{"line":11,"column":22},"end":{"line":11,"column":23}},"loc":{"start":{"line":11,"column":39},"end":{"line":19,"column":3}},"line":11}},"branchMap":{},"s":{"0":3,"1":3,"2":3,"3":3,"4":3,"5":3},"f":{"0":3,"1":3},"b":{},"_coverageSchema":"43e27e138ebf9cfc5966b082cf9a028302ed4184","hash":"b9231510515d8728355cd1c83c54479b999d7d36"}
,"E:\\Back up\\Bootcamps\\globant-bootcamps-node\\exercises\\chapter_7\\src\\api-server\\models\\role.js": {"path":"E:\\Back up\\Bootcamps\\globant-bootcamps-node\\exercises\\chapter_7\\src\\api-server\\models\\role.js","statementMap":{"0":{"start":{"line":2,"column":0},"end":{"line":20,"column":2}},"1":{"start":{"line":3,"column":15},"end":{"line":9,"column":3}},"2":{"start":{"line":10,"column":2},"end":{"line":17,"column":4}},"3":{"start":{"line":11,"column":4},"end":{"line":16,"column":7}},"4":{"start":{"line":19,"column":2},"end":{"line":19,"column":14}}},"fnMap":{"0":{"name":"(anonymous_0)","decl":{"start":{"line":2,"column":17},"end":{"line":2,"column":18}},"loc":{"start":{"line":2,"column":43},"end":{"line":20,"column":1}},"line":2},"1":{"name":"(anonymous_1)","decl":{"start":{"line":10,"column":19},"end":{"line":10,"column":20}},"loc":{"start":{"line":10,"column":36},"end":{"line":17,"column":3}},"line":10}},"branchMap":{},"s":{"0":3,"1":3,"2":3,"3":3,"4":3},"f":{"0":3,"1":3},"b":{},"_coverageSchema":"43e27e138ebf9cfc5966b082cf9a028302ed4184","hash":"3cf0a68cfd149e2c78d39e1a787cc458bda43156"}
,"E:\\Back up\\Bootcamps\\globant-bootcamps-node\\exercises\\chapter_7\\src\\api-server\\models\\user.js": {"path":"E:\\Back up\\Bootcamps\\globant-bootcamps-node\\exercises\\chapter_7\\src\\api-server\\models\\user.js","statementMap":{"0":{"start":{"line":2,"column":0},"end":{"line":21,"column":2}},"1":{"start":{"line":3,"column":15},"end":{"line":13,"column":3}},"2":{"start":{"line":14,"column":2},"end":{"line":18,"column":4}},"3":{"start":{"line":15,"column":4},"end":{"line":17,"column":7}},"4":{"start":{"line":20,"column":2},"end":{"line":20,"column":14}}},"fnMap":{"0":{"name":"(anonymous_0)","decl":{"start":{"line":2,"column":17},"end":{"line":2,"column":18}},"loc":{"start":{"line":2,"column":43},"end":{"line":21,"column":1}},"line":2},"1":{"name":"(anonymous_1)","decl":{"start":{"line":14,"column":19},"end":{"line":14,"column":20}},"loc":{"start":{"line":14,"column":36},"end":{"line":18,"column":3}},"line":14}},"branchMap":{},"s":{"0":3,"1":3,"2":3,"3":3,"4":3},"f":{"0":3,"1":3},"b":{},"_coverageSchema":"43e27e138ebf9cfc5966b082cf9a028302ed4184","hash":"125e2c8832229a462a125093e845a5b61eb9b37c"}
,"E:\\Back up\\Bootcamps\\globant-bootcamps-node\\exercises\\chapter_7\\src\\api-server\\resources\\validate.js": {"path":"E:\\Back up\\Bootcamps\\globant-bootcamps-node\\exercises\\chapter_7\\src\\api-server\\resources\\validate.js","statementMap":{"0":{"start":{"line":3,"column":12},"end":{"line":3,"column":26}},"1":{"start":{"line":5,"column":0},"end":{"line":9,"column":1}},"2":{"start":{"line":12,"column":17},"end":{"line":16,"column":4}},"3":{"start":{"line":17,"column":2},"end":{"line":26,"column":5}},"4":{"start":{"line":18,"column":4},"end":{"line":25,"column":5}},"5":{"start":{"line":19,"column":6},"end":{"line":21,"column":9}},"6":{"start":{"line":23,"column":6},"end":{"line":23,"column":40}},"7":{"start":{"line":24,"column":6},"end":{"line":24,"column":13}}},"fnMap":{"0":{"name":"id","decl":{"start":{"line":11,"column":9},"end":{"line":11,"column":11}},"loc":{"start":{"line":11,"column":28},"end":{"line":27,"column":1}},"line":11},"1":{"name":"(anonymous_1)","decl":{"start":{"line":17,"column":46},"end":{"line":17,"column":47}},"loc":{"start":{"line":17,"column":53},"end":{"line":26,"column":3}},"line":17}},"branchMap":{"0":{"loc":{"start":{"line":18,"column":4},"end":{"line":25,"column":5}},"type":"if","locations":[{"start":{"line":18,"column":4},"end":{"line":25,"column":5}},{"start":{"line":18,"column":4},"end":{"line":25,"column":5}}],"line":18}},"s":{"0":1,"1":1,"2":2,"3":2,"4":2,"5":1,"6":1,"7":1},"f":{"0":2,"1":2},"b":{"0":[1,1]},"_coverageSchema":"43e27e138ebf9cfc5966b082cf9a028302ed4184","hash":"a24ab3d496307736cd5060ea7391ec1214d3bd7d"}
,"E:\\Back up\\Bootcamps\\globant-bootcamps-node\\exercises\\chapter_7\\src\\api-server\\resources\\profiles\\controllers.js": {"path":"E:\\Back up\\Bootcamps\\globant-bootcamps-node\\exercises\\chapter_7\\src\\api-server\\resources\\profiles\\controllers.js","statementMap":{"0":{"start":{"line":4,"column":15},"end":{"line":4,"column":38}},"1":{"start":{"line":6,"column":0},"end":{"line":16,"column":2}},"2":{"start":{"line":26,"column":2},"end":{"line":42,"column":7}},"3":{"start":{"line":38,"column":6},"end":{"line":38,"column":33}},"4":{"start":{"line":41,"column":6},"end":{"line":41,"column":29}},"5":{"start":{"line":46,"column":2},"end":{"line":67,"column":7}},"6":{"start":{"line":59,"column":6},"end":{"line":63,"column":7}},"7":{"start":{"line":60,"column":8},"end":{"line":60,"column":35}},"8":{"start":{"line":62,"column":8},"end":{"line":62,"column":31}},"9":{"start":{"line":66,"column":6},"end":{"line":66,"column":29}},"10":{"start":{"line":71,"column":2},"end":{"line":80,"column":7}},"11":{"start":{"line":76,"column":6},"end":{"line":76,"column":33}},"12":{"start":{"line":79,"column":6},"end":{"line":79,"column":29}},"13":{"start":{"line":84,"column":2},"end":{"line":96,"column":7}},"14":{"start":{"line":88,"column":6},"end":{"line":92,"column":7}},"15":{"start":{"line":89,"column":8},"end":{"line":89,"column":48}},"16":{"start":{"line":91,"column":8},"end":{"line":91,"column":59}},"17":{"start":{"line":95,"column":6},"end":{"line":95,"column":29}},"18":{"start":{"line":100,"column":2},"end":{"line":110,"column":7}},"19":{"start":{"line":102,"column":6},"end":{"line":106,"column":7}},"20":{"start":{"line":103,"column":8},"end":{"line":103,"column":33}},"21":{"start":{"line":105,"column":8},"end":{"line":105,"column":59}},"22":{"start":{"line":109,"column":6},"end":{"line":109,"column":29}},"23":{"start":{"line":114,"column":2},"end":{"line":120,"column":7}},"24":{"start":{"line":116,"column":6},"end":{"line":116,"column":33}},"25":{"start":{"line":119,"column":6},"end":{"line":119,"column":29}}},"fnMap":{"0":{"name":"getAll","decl":{"start":{"line":25,"column":9},"end":{"line":25,"column":15}},"loc":{"start":{"line":25,"column":26},"end":{"line":43,"column":1}},"line":25},"1":{"name":"(anonymous_1)","decl":{"start":{"line":37,"column":10},"end":{"line":37,"column":11}},"loc":{"start":{"line":37,"column":18},"end":{"line":39,"column":5}},"line":37},"2":{"name":"(anonymous_2)","decl":{"start":{"line":40,"column":11},"end":{"line":40,"column":12}},"loc":{"start":{"line":40,"column":18},"end":{"line":42,"column":5}},"line":40},"3":{"name":"getProfileById","decl":{"start":{"line":45,"column":9},"end":{"line":45,"column":23}},"loc":{"start":{"line":45,"column":34},"end":{"line":68,"column":1}},"line":45},"4":{"name":"(anonymous_4)","decl":{"start":{"line":58,"column":10},"end":{"line":58,"column":11}},"loc":{"start":{"line":58,"column":18},"end":{"line":64,"column":5}},"line":58},"5":{"name":"(anonymous_5)","decl":{"start":{"line":65,"column":11},"end":{"line":65,"column":12}},"loc":{"start":{"line":65,"column":18},"end":{"line":67,"column":5}},"line":65},"6":{"name":"createProfile","decl":{"start":{"line":70,"column":9},"end":{"line":70,"column":22}},"loc":{"start":{"line":70,"column":33},"end":{"line":81,"column":1}},"line":70},"7":{"name":"(anonymous_7)","decl":{"start":{"line":75,"column":10},"end":{"line":75,"column":11}},"loc":{"start":{"line":75,"column":18},"end":{"line":77,"column":5}},"line":75},"8":{"name":"(anonymous_8)","decl":{"start":{"line":78,"column":11},"end":{"line":78,"column":12}},"loc":{"start":{"line":78,"column":18},"end":{"line":80,"column":5}},"line":78},"9":{"name":"modifyProfile","decl":{"start":{"line":83,"column":9},"end":{"line":83,"column":22}},"loc":{"start":{"line":83,"column":33},"end":{"line":97,"column":1}},"line":83},"10":{"name":"(anonymous_10)","decl":{"start":{"line":87,"column":10},"end":{"line":87,"column":11}},"loc":{"start":{"line":87,"column":31},"end":{"line":93,"column":5}},"line":87},"11":{"name":"(anonymous_11)","decl":{"start":{"line":94,"column":11},"end":{"line":94,"column":12}},"loc":{"start":{"line":94,"column":18},"end":{"line":96,"column":5}},"line":94},"12":{"name":"deleteProfile","decl":{"start":{"line":99,"column":9},"end":{"line":99,"column":22}},"loc":{"start":{"line":99,"column":33},"end":{"line":111,"column":1}},"line":99},"13":{"name":"(anonymous_13)","decl":{"start":{"line":101,"column":10},"end":{"line":101,"column":11}},"loc":{"start":{"line":101,"column":18},"end":{"line":107,"column":5}},"line":101},"14":{"name":"(anonymous_14)","decl":{"start":{"line":108,"column":11},"end":{"line":108,"column":12}},"loc":{"start":{"line":108,"column":18},"end":{"line":110,"column":5}},"line":108},"15":{"name":"addUsers","decl":{"start":{"line":113,"column":9},"end":{"line":113,"column":17}},"loc":{"start":{"line":113,"column":28},"end":{"line":121,"column":1}},"line":113},"16":{"name":"(anonymous_16)","decl":{"start":{"line":115,"column":10},"end":{"line":115,"column":11}},"loc":{"start":{"line":115,"column":18},"end":{"line":117,"column":5}},"line":115},"17":{"name":"(anonymous_17)","decl":{"start":{"line":118,"column":11},"end":{"line":118,"column":12}},"loc":{"start":{"line":118,"column":18},"end":{"line":120,"column":5}},"line":118}},"branchMap":{"0":{"loc":{"start":{"line":59,"column":6},"end":{"line":63,"column":7}},"type":"if","locations":[{"start":{"line":59,"column":6},"end":{"line":63,"column":7}},{"start":{"line":59,"column":6},"end":{"line":63,"column":7}}],"line":59},"1":{"loc":{"start":{"line":88,"column":6},"end":{"line":92,"column":7}},"type":"if","locations":[{"start":{"line":88,"column":6},"end":{"line":92,"column":7}},{"start":{"line":88,"column":6},"end":{"line":92,"column":7}}],"line":88},"2":{"loc":{"start":{"line":102,"column":6},"end":{"line":106,"column":7}},"type":"if","locations":[{"start":{"line":102,"column":6},"end":{"line":106,"column":7}},{"start":{"line":102,"column":6},"end":{"line":106,"column":7}}],"line":102}},"s":{"0":1,"1":1,"2":2,"3":1,"4":1,"5":3,"6":2,"7":1,"8":1,"9":1,"10":2,"11":1,"12":1,"13":3,"14":2,"15":1,"16":1,"17":1,"18":3,"19":2,"20":1,"21":1,"22":1,"23":2,"24":1,"25":1},"f":{"0":2,"1":1,"2":1,"3":3,"4":2,"5":1,"6":2,"7":1,"8":1,"9":3,"10":2,"11":1,"12":3,"13":2,"14":1,"15":2,"16":1,"17":1},"b":{"0":[1,1],"1":[1,1],"2":[1,1]},"_coverageSchema":"43e27e138ebf9cfc5966b082cf9a028302ed4184","hash":"1e2dafa4b586ec0c892824a9f72f6fd9f6a48634"}
,"E:\\Back up\\Bootcamps\\globant-bootcamps-node\\exercises\\chapter_7\\src\\api-server\\resources\\profiles\\validate.js": {"path":"E:\\Back up\\Bootcamps\\globant-bootcamps-node\\exercises\\chapter_7\\src\\api-server\\resources\\profiles\\validate.js","statementMap":{"0":{"start":{"line":3,"column":12},"end":{"line":3,"column":26}},"1":{"start":{"line":5,"column":0},"end":{"line":10,"column":2}},"2":{"start":{"line":13,"column":17},"end":{"line":18,"column":4}},"3":{"start":{"line":19,"column":2},"end":{"line":26,"column":5}},"4":{"start":{"line":20,"column":4},"end":{"line":25,"column":5}},"5":{"start":{"line":21,"column":6},"end":{"line":21,"column":29}},"6":{"start":{"line":23,"column":6},"end":{"line":23,"column":40}},"7":{"start":{"line":24,"column":6},"end":{"line":24,"column":13}},"8":{"start":{"line":30,"column":17},"end":{"line":33,"column":4}},"9":{"start":{"line":34,"column":2},"end":{"line":41,"column":5}},"10":{"start":{"line":35,"column":4},"end":{"line":40,"column":5}},"11":{"start":{"line":36,"column":6},"end":{"line":36,"column":29}},"12":{"start":{"line":38,"column":6},"end":{"line":38,"column":40}},"13":{"start":{"line":39,"column":6},"end":{"line":39,"column":13}}},"fnMap":{"0":{"name":"allProfileData","decl":{"start":{"line":12,"column":9},"end":{"line":12,"column":23}},"loc":{"start":{"line":12,"column":40},"end":{"line":27,"column":1}},"line":12},"1":{"name":"(anonymous_1)","decl":{"start":{"line":19,"column":33},"end":{"line":19,"column":34}},"loc":{"start":{"line":19,"column":40},"end":{"line":26,"column":3}},"line":19},"2":{"name":"profileData","decl":{"start":{"line":29,"column":9},"end":{"line":29,"column":20}},"loc":{"start":{"line":29,"column":37},"end":{"line":42,"column":1}},"line":29},"3":{"name":"(anonymous_3)","decl":{"start":{"line":34,"column":33},"end":{"line":34,"column":34}},"loc":{"start":{"line":34,"column":40},"end":{"line":41,"column":3}},"line":34}},"branchMap":{"0":{"loc":{"start":{"line":20,"column":4},"end":{"line":25,"column":5}},"type":"if","locations":[{"start":{"line":20,"column":4},"end":{"line":25,"column":5}},{"start":{"line":20,"column":4},"end":{"line":25,"column":5}}],"line":20},"1":{"loc":{"start":{"line":35,"column":4},"end":{"line":40,"column":5}},"type":"if","locations":[{"start":{"line":35,"column":4},"end":{"line":40,"column":5}},{"start":{"line":35,"column":4},"end":{"line":40,"column":5}}],"line":35}},"s":{"0":1,"1":1,"2":2,"3":2,"4":2,"5":1,"6":1,"7":1,"8":2,"9":2,"10":2,"11":1,"12":1,"13":1},"f":{"0":2,"1":2,"2":2,"3":2},"b":{"0":[1,1],"1":[1,1]},"_coverageSchema":"43e27e138ebf9cfc5966b082cf9a028302ed4184","hash":"e785bb094760c62653fd753cd2a2e001b0e5c8a5"}
,"E:\\Back up\\Bootcamps\\globant-bootcamps-node\\exercises\\chapter_7\\src\\api-server\\resources\\roles\\controllers.js": {"path":"E:\\Back up\\Bootcamps\\globant-bootcamps-node\\exercises\\chapter_7\\src\\api-server\\resources\\roles\\controllers.js","statementMap":{"0":{"start":{"line":4,"column":15},"end":{"line":4,"column":38}},"1":{"start":{"line":6,"column":0},"end":{"line":15,"column":2}},"2":{"start":{"line":25,"column":2},"end":{"line":35,"column":7}},"3":{"start":{"line":31,"column":6},"end":{"line":31,"column":33}},"4":{"start":{"line":34,"column":6},"end":{"line":34,"column":29}},"5":{"start":{"line":39,"column":2},"end":{"line":53,"column":7}},"6":{"start":{"line":45,"column":6},"end":{"line":49,"column":7}},"7":{"start":{"line":46,"column":8},"end":{"line":46,"column":35}},"8":{"start":{"line":48,"column":8},"end":{"line":48,"column":31}},"9":{"start":{"line":52,"column":6},"end":{"line":52,"column":29}},"10":{"start":{"line":57,"column":2},"end":{"line":65,"column":7}},"11":{"start":{"line":61,"column":6},"end":{"line":61,"column":33}},"12":{"start":{"line":64,"column":6},"end":{"line":64,"column":29}},"13":{"start":{"line":69,"column":2},"end":{"line":79,"column":7}},"14":{"start":{"line":71,"column":6},"end":{"line":75,"column":7}},"15":{"start":{"line":72,"column":8},"end":{"line":72,"column":45}},"16":{"start":{"line":74,"column":8},"end":{"line":74,"column":56}},"17":{"start":{"line":78,"column":6},"end":{"line":78,"column":29}},"18":{"start":{"line":83,"column":2},"end":{"line":93,"column":7}},"19":{"start":{"line":85,"column":6},"end":{"line":89,"column":7}},"20":{"start":{"line":86,"column":8},"end":{"line":86,"column":33}},"21":{"start":{"line":88,"column":8},"end":{"line":88,"column":56}},"22":{"start":{"line":92,"column":6},"end":{"line":92,"column":29}}},"fnMap":{"0":{"name":"getAll","decl":{"start":{"line":24,"column":9},"end":{"line":24,"column":15}},"loc":{"start":{"line":24,"column":26},"end":{"line":36,"column":1}},"line":24},"1":{"name":"(anonymous_1)","decl":{"start":{"line":30,"column":10},"end":{"line":30,"column":11}},"loc":{"start":{"line":30,"column":18},"end":{"line":32,"column":5}},"line":30},"2":{"name":"(anonymous_2)","decl":{"start":{"line":33,"column":11},"end":{"line":33,"column":12}},"loc":{"start":{"line":33,"column":18},"end":{"line":35,"column":5}},"line":33},"3":{"name":"getRoleById","decl":{"start":{"line":38,"column":9},"end":{"line":38,"column":20}},"loc":{"start":{"line":38,"column":31},"end":{"line":54,"column":1}},"line":38},"4":{"name":"(anonymous_4)","decl":{"start":{"line":44,"column":10},"end":{"line":44,"column":11}},"loc":{"start":{"line":44,"column":18},"end":{"line":50,"column":5}},"line":44},"5":{"name":"(anonymous_5)","decl":{"start":{"line":51,"column":11},"end":{"line":51,"column":12}},"loc":{"start":{"line":51,"column":18},"end":{"line":53,"column":5}},"line":51},"6":{"name":"createRole","decl":{"start":{"line":56,"column":9},"end":{"line":56,"column":19}},"loc":{"start":{"line":56,"column":30},"end":{"line":66,"column":1}},"line":56},"7":{"name":"(anonymous_7)","decl":{"start":{"line":60,"column":10},"end":{"line":60,"column":11}},"loc":{"start":{"line":60,"column":18},"end":{"line":62,"column":5}},"line":60},"8":{"name":"(anonymous_8)","decl":{"start":{"line":63,"column":11},"end":{"line":63,"column":12}},"loc":{"start":{"line":63,"column":18},"end":{"line":65,"column":5}},"line":63},"9":{"name":"modifyRole","decl":{"start":{"line":68,"column":9},"end":{"line":68,"column":19}},"loc":{"start":{"line":68,"column":30},"end":{"line":80,"column":1}},"line":68},"10":{"name":"(anonymous_10)","decl":{"start":{"line":70,"column":10},"end":{"line":70,"column":11}},"loc":{"start":{"line":70,"column":28},"end":{"line":76,"column":5}},"line":70},"11":{"name":"(anonymous_11)","decl":{"start":{"line":77,"column":11},"end":{"line":77,"column":12}},"loc":{"start":{"line":77,"column":18},"end":{"line":79,"column":5}},"line":77},"12":{"name":"deleteRole","decl":{"start":{"line":82,"column":9},"end":{"line":82,"column":19}},"loc":{"start":{"line":82,"column":30},"end":{"line":94,"column":1}},"line":82},"13":{"name":"(anonymous_13)","decl":{"start":{"line":84,"column":10},"end":{"line":84,"column":11}},"loc":{"start":{"line":84,"column":18},"end":{"line":90,"column":5}},"line":84},"14":{"name":"(anonymous_14)","decl":{"start":{"line":91,"column":11},"end":{"line":91,"column":12}},"loc":{"start":{"line":91,"column":18},"end":{"line":93,"column":5}},"line":91}},"branchMap":{"0":{"loc":{"start":{"line":45,"column":6},"end":{"line":49,"column":7}},"type":"if","locations":[{"start":{"line":45,"column":6},"end":{"line":49,"column":7}},{"start":{"line":45,"column":6},"end":{"line":49,"column":7}}],"line":45},"1":{"loc":{"start":{"line":71,"column":6},"end":{"line":75,"column":7}},"type":"if","locations":[{"start":{"line":71,"column":6},"end":{"line":75,"column":7}},{"start":{"line":71,"column":6},"end":{"line":75,"column":7}}],"line":71},"2":{"loc":{"start":{"line":85,"column":6},"end":{"line":89,"column":7}},"type":"if","locations":[{"start":{"line":85,"column":6},"end":{"line":89,"column":7}},{"start":{"line":85,"column":6},"end":{"line":89,"column":7}}],"line":85}},"s":{"0":1,"1":1,"2":2,"3":1,"4":1,"5":3,"6":2,"7":1,"8":1,"9":1,"10":2,"11":1,"12":1,"13":3,"14":2,"15":1,"16":1,"17":1,"18":3,"19":2,"20":1,"21":1,"22":1},"f":{"0":2,"1":1,"2":1,"3":3,"4":2,"5":1,"6":2,"7":1,"8":1,"9":3,"10":2,"11":1,"12":3,"13":2,"14":1},"b":{"0":[1,1],"1":[1,1],"2":[1,1]},"_coverageSchema":"43e27e138ebf9cfc5966b082cf9a028302ed4184","hash":"1b1c09c5fcb93e220a7039f84dd94ff36c9cb327"}
,"E:\\Back up\\Bootcamps\\globant-bootcamps-node\\exercises\\chapter_7\\src\\api-server\\resources\\roles\\validate.js": {"path":"E:\\Back up\\Bootcamps\\globant-bootcamps-node\\exercises\\chapter_7\\src\\api-server\\resources\\roles\\validate.js","statementMap":{"0":{"start":{"line":2,"column":12},"end":{"line":2,"column":26}},"1":{"start":{"line":4,"column":0},"end":{"line":8,"column":2}},"2":{"start":{"line":11,"column":17},"end":{"line":15,"column":4}},"3":{"start":{"line":16,"column":2},"end":{"line":23,"column":5}},"4":{"start":{"line":17,"column":4},"end":{"line":22,"column":5}},"5":{"start":{"line":18,"column":6},"end":{"line":18,"column":29}},"6":{"start":{"line":20,"column":6},"end":{"line":20,"column":40}},"7":{"start":{"line":21,"column":6},"end":{"line":21,"column":13}}},"fnMap":{"0":{"name":"roleData","decl":{"start":{"line":10,"column":9},"end":{"line":10,"column":17}},"loc":{"start":{"line":10,"column":34},"end":{"line":24,"column":1}},"line":10},"1":{"name":"(anonymous_1)","decl":{"start":{"line":16,"column":48},"end":{"line":16,"column":49}},"loc":{"start":{"line":16,"column":55},"end":{"line":23,"column":3}},"line":16}},"branchMap":{"0":{"loc":{"start":{"line":17,"column":4},"end":{"line":22,"column":5}},"type":"if","locations":[{"start":{"line":17,"column":4},"end":{"line":22,"column":5}},{"start":{"line":17,"column":4},"end":{"line":22,"column":5}}],"line":17}},"s":{"0":1,"1":1,"2":2,"3":2,"4":2,"5":1,"6":1,"7":1},"f":{"0":2,"1":2},"b":{"0":[1,1]},"_coverageSchema":"43e27e138ebf9cfc5966b082cf9a028302ed4184","hash":"0886f4d40cb005939124ef60441f7db5892d484f"}
,"E:\\Back up\\Bootcamps\\globant-bootcamps-node\\exercises\\chapter_7\\src\\api-server\\resources\\users\\controllers.js": {"path":"E:\\Back up\\Bootcamps\\globant-bootcamps-node\\exercises\\chapter_7\\src\\api-server\\resources\\users\\controllers.js","statementMap":{"0":{"start":{"line":4,"column":15},"end":{"line":4,"column":38}},"1":{"start":{"line":6,"column":0},"end":{"line":16,"column":2}},"2":{"start":{"line":26,"column":2},"end":{"line":42,"column":7}},"3":{"start":{"line":38,"column":6},"end":{"line":38,"column":34}},"4":{"start":{"line":41,"column":6},"end":{"line":41,"column":29}},"5":{"start":{"line":46,"column":2},"end":{"line":66,"column":7}},"6":{"start":{"line":58,"column":6},"end":{"line":62,"column":7}},"7":{"start":{"line":59,"column":8},"end":{"line":59,"column":35}},"8":{"start":{"line":61,"column":8},"end":{"line":61,"column":31}},"9":{"start":{"line":65,"column":6},"end":{"line":65,"column":29}},"10":{"start":{"line":70,"column":2},"end":{"line":76,"column":7}},"11":{"start":{"line":72,"column":6},"end":{"line":72,"column":33}},"12":{"start":{"line":75,"column":6},"end":{"line":75,"column":29}},"13":{"start":{"line":80,"column":2},"end":{"line":90,"column":7}},"14":{"start":{"line":82,"column":6},"end":{"line":86,"column":7}},"15":{"start":{"line":83,"column":8},"end":{"line":83,"column":45}},"16":{"start":{"line":85,"column":8},"end":{"line":85,"column":56}},"17":{"start":{"line":89,"column":6},"end":{"line":89,"column":29}},"18":{"start":{"line":94,"column":2},"end":{"line":107,"column":7}},"19":{"start":{"line":99,"column":6},"end":{"line":103,"column":7}},"20":{"start":{"line":100,"column":8},"end":{"line":100,"column":33}},"21":{"start":{"line":102,"column":8},"end":{"line":102,"column":56}},"22":{"start":{"line":106,"column":6},"end":{"line":106,"column":29}}},"fnMap":{"0":{"name":"getAll","decl":{"start":{"line":25,"column":9},"end":{"line":25,"column":15}},"loc":{"start":{"line":25,"column":26},"end":{"line":43,"column":1}},"line":25},"1":{"name":"(anonymous_1)","decl":{"start":{"line":37,"column":10},"end":{"line":37,"column":11}},"loc":{"start":{"line":37,"column":19},"end":{"line":39,"column":5}},"line":37},"2":{"name":"(anonymous_2)","decl":{"start":{"line":40,"column":11},"end":{"line":40,"column":12}},"loc":{"start":{"line":40,"column":20},"end":{"line":42,"column":5}},"line":40},"3":{"name":"getUserByID","decl":{"start":{"line":45,"column":9},"end":{"line":45,"column":20}},"loc":{"start":{"line":45,"column":31},"end":{"line":67,"column":1}},"line":45},"4":{"name":"(anonymous_4)","decl":{"start":{"line":57,"column":10},"end":{"line":57,"column":11}},"loc":{"start":{"line":57,"column":18},"end":{"line":63,"column":5}},"line":57},"5":{"name":"(anonymous_5)","decl":{"start":{"line":64,"column":11},"end":{"line":64,"column":12}},"loc":{"start":{"line":64,"column":18},"end":{"line":66,"column":5}},"line":64},"6":{"name":"createUser","decl":{"start":{"line":69,"column":9},"end":{"line":69,"column":19}},"loc":{"start":{"line":69,"column":30},"end":{"line":77,"column":1}},"line":69},"7":{"name":"(anonymous_7)","decl":{"start":{"line":71,"column":10},"end":{"line":71,"column":11}},"loc":{"start":{"line":71,"column":18},"end":{"line":73,"column":5}},"line":71},"8":{"name":"(anonymous_8)","decl":{"start":{"line":74,"column":11},"end":{"line":74,"column":12}},"loc":{"start":{"line":74,"column":18},"end":{"line":76,"column":5}},"line":74},"9":{"name":"modifyUser","decl":{"start":{"line":79,"column":9},"end":{"line":79,"column":19}},"loc":{"start":{"line":79,"column":30},"end":{"line":91,"column":1}},"line":79},"10":{"name":"(anonymous_10)","decl":{"start":{"line":81,"column":10},"end":{"line":81,"column":11}},"loc":{"start":{"line":81,"column":28},"end":{"line":87,"column":5}},"line":81},"11":{"name":"(anonymous_11)","decl":{"start":{"line":88,"column":11},"end":{"line":88,"column":12}},"loc":{"start":{"line":88,"column":18},"end":{"line":90,"column":5}},"line":88},"12":{"name":"deleteUser","decl":{"start":{"line":93,"column":9},"end":{"line":93,"column":19}},"loc":{"start":{"line":93,"column":30},"end":{"line":108,"column":1}},"line":93},"13":{"name":"(anonymous_13)","decl":{"start":{"line":98,"column":10},"end":{"line":98,"column":11}},"loc":{"start":{"line":98,"column":18},"end":{"line":104,"column":5}},"line":98},"14":{"name":"(anonymous_14)","decl":{"start":{"line":105,"column":11},"end":{"line":105,"column":12}},"loc":{"start":{"line":105,"column":18},"end":{"line":107,"column":5}},"line":105}},"branchMap":{"0":{"loc":{"start":{"line":58,"column":6},"end":{"line":62,"column":7}},"type":"if","locations":[{"start":{"line":58,"column":6},"end":{"line":62,"column":7}},{"start":{"line":58,"column":6},"end":{"line":62,"column":7}}],"line":58},"1":{"loc":{"start":{"line":82,"column":6},"end":{"line":86,"column":7}},"type":"if","locations":[{"start":{"line":82,"column":6},"end":{"line":86,"column":7}},{"start":{"line":82,"column":6},"end":{"line":86,"column":7}}],"line":82},"2":{"loc":{"start":{"line":99,"column":6},"end":{"line":103,"column":7}},"type":"if","locations":[{"start":{"line":99,"column":6},"end":{"line":103,"column":7}},{"start":{"line":99,"column":6},"end":{"line":103,"column":7}}],"line":99}},"s":{"0":1,"1":1,"2":2,"3":1,"4":1,"5":3,"6":2,"7":1,"8":1,"9":1,"10":2,"11":1,"12":1,"13":3,"14":2,"15":1,"16":1,"17":1,"18":3,"19":2,"20":1,"21":1,"22":1},"f":{"0":2,"1":1,"2":1,"3":3,"4":2,"5":1,"6":2,"7":1,"8":1,"9":3,"10":2,"11":1,"12":3,"13":2,"14":1},"b":{"0":[1,1],"1":[1,1],"2":[1,1]},"_coverageSchema":"43e27e138ebf9cfc5966b082cf9a028302ed4184","hash":"d106540a837c423e0fb1ff5db60e14cd40c12dae"}
,"E:\\Back up\\Bootcamps\\globant-bootcamps-node\\exercises\\chapter_7\\src\\api-server\\resources\\users\\validate.js": {"path":"E:\\Back up\\Bootcamps\\globant-bootcamps-node\\exercises\\chapter_7\\src\\api-server\\resources\\users\\validate.js","statementMap":{"0":{"start":{"line":3,"column":12},"end":{"line":3,"column":26}},"1":{"start":{"line":5,"column":0},"end":{"line":10,"column":2}},"2":{"start":{"line":14,"column":17},"end":{"line":30,"column":4}},"3":{"start":{"line":31,"column":2},"end":{"line":38,"column":5}},"4":{"start":{"line":32,"column":4},"end":{"line":37,"column":5}},"5":{"start":{"line":33,"column":6},"end":{"line":33,"column":40}},"6":{"start":{"line":35,"column":6},"end":{"line":35,"column":40}},"7":{"start":{"line":36,"column":6},"end":{"line":36,"column":13}},"8":{"start":{"line":42,"column":17},"end":{"line":51,"column":4}},"9":{"start":{"line":52,"column":2},"end":{"line":59,"column":5}},"10":{"start":{"line":53,"column":4},"end":{"line":58,"column":5}},"11":{"start":{"line":54,"column":6},"end":{"line":54,"column":40}},"12":{"start":{"line":56,"column":6},"end":{"line":56,"column":40}},"13":{"start":{"line":57,"column":6},"end":{"line":57,"column":13}}},"fnMap":{"0":{"name":"allUserData","decl":{"start":{"line":13,"column":9},"end":{"line":13,"column":20}},"loc":{"start":{"line":13,"column":37},"end":{"line":39,"column":1}},"line":13},"1":{"name":"(anonymous_1)","decl":{"start":{"line":31,"column":33},"end":{"line":31,"column":34}},"loc":{"start":{"line":31,"column":40},"end":{"line":38,"column":3}},"line":31},"2":{"name":"userData","decl":{"start":{"line":41,"column":9},"end":{"line":41,"column":17}},"loc":{"start":{"line":41,"column":34},"end":{"line":60,"column":1}},"line":41},"3":{"name":"(anonymous_3)","decl":{"start":{"line":52,"column":33},"end":{"line":52,"column":34}},"loc":{"start":{"line":52,"column":40},"end":{"line":59,"column":3}},"line":52}},"branchMap":{"0":{"loc":{"start":{"line":32,"column":4},"end":{"line":37,"column":5}},"type":"if","locations":[{"start":{"line":32,"column":4},"end":{"line":37,"column":5}},{"start":{"line":32,"column":4},"end":{"line":37,"column":5}}],"line":32},"1":{"loc":{"start":{"line":53,"column":4},"end":{"line":58,"column":5}},"type":"if","locations":[{"start":{"line":53,"column":4},"end":{"line":58,"column":5}},{"start":{"line":53,"column":4},"end":{"line":58,"column":5}}],"line":53}},"s":{"0":1,"1":1,"2":2,"3":2,"4":2,"5":1,"6":1,"7":1,"8":2,"9":2,"10":2,"11":1,"12":1,"13":1},"f":{"0":2,"1":2,"2":2,"3":2},"b":{"0":[1,1],"1":[1,1]},"_coverageSchema":"43e27e138ebf9cfc5966b082cf9a028302ed4184","hash":"c09aeed5c14c86123847387dc8c5ec214e7f9076"}
,"E:\\Back up\\Bootcamps\\globant-bootcamps-node\\exercises\\chapter_7\\src\\test-helpers\\profiles.js": {"path":"E:\\Back up\\Bootcamps\\globant-bootcamps-node\\exercises\\chapter_7\\src\\test-helpers\\profiles.js","statementMap":{"0":{"start":{"line":6,"column":21},"end":{"line":25,"column":1}},"1":{"start":{"line":27,"column":0},"end":{"line":29,"column":2}}},"fnMap":{},"branchMap":{},"s":{"0":2,"1":2},"f":{},"b":{},"_coverageSchema":"43e27e138ebf9cfc5966b082cf9a028302ed4184","hash":"e6930afc07cb5b8818ba5b34b92f5efe5fa70315"}
,"E:\\Back up\\Bootcamps\\globant-bootcamps-node\\exercises\\chapter_7\\src\\test-helpers\\roles.js": {"path":"E:\\Back up\\Bootcamps\\globant-bootcamps-node\\exercises\\chapter_7\\src\\test-helpers\\roles.js","statementMap":{"0":{"start":{"line":6,"column":18},"end":{"line":22,"column":1}},"1":{"start":{"line":24,"column":0},"end":{"line":26,"column":2}}},"fnMap":{},"branchMap":{},"s":{"0":1,"1":1},"f":{},"b":{},"_coverageSchema":"43e27e138ebf9cfc5966b082cf9a028302ed4184","hash":"780c2f174d00a1fc1071d5cea5f5d1d596770a4e"}
,"E:\\Back up\\Bootcamps\\globant-bootcamps-node\\exercises\\chapter_7\\src\\test-helpers\\users.js": {"path":"E:\\Back up\\Bootcamps\\globant-bootcamps-node\\exercises\\chapter_7\\src\\test-helpers\\users.js","statementMap":{"0":{"start":{"line":6,"column":18},"end":{"line":37,"column":1}},"1":{"start":{"line":39,"column":0},"end":{"line":41,"column":2}}},"fnMap":{},"branchMap":{},"s":{"0":2,"1":2},"f":{},"b":{},"_coverageSchema":"43e27e138ebf9cfc5966b082cf9a028302ed4184","hash":"771c533a5ae94ea8196cb7a2d8819a14ad9bf060"}
}
