TN:
SF:E:\Back up\Bootcamps\globant-bootcamps-node\exercises\chapter_7\src\api-server\models\index.js
FN:20,(anonymous_0)
FN:23,(anonymous_1)
FN:28,(anonymous_2)
FNF:3
FNH:3
FNDA:8,(anonymous_0)
FNDA:6,(anonymous_1)
FNDA:6,(anonymous_2)
DA:3,2
DA:4,2
DA:5,2
DA:6,2
DA:7,2
DA:8,2
DA:9,2
DA:12,2
DA:13,0
DA:15,2
DA:18,2
DA:21,8
DA:24,6
DA:25,6
DA:28,2
DA:29,6
DA:30,6
DA:34,2
DA:35,2
DA:37,2
LF:20
LH:19
BRDA:7,0,0,2
BRDA:7,0,1,0
BRDA:12,1,0,0
BRDA:12,1,1,2
BRDA:21,2,0,8
BRDA:21,2,1,8
BRDA:21,2,2,6
BRDA:29,3,0,6
BRDA:29,3,1,0
BRF:9
BRH:6
end_of_record
TN:
SF:E:\Back up\Bootcamps\globant-bootcamps-node\exercises\chapter_7\src\api-server\models\profile.js
FN:2,(anonymous_0)
FN:11,(anonymous_1)
FNF:2
FNH:2
FNDA:2,(anonymous_0)
FNDA:2,(anonymous_1)
DA:2,2
DA:3,2
DA:11,2
DA:12,2
DA:13,2
DA:21,2
LF:6
LH:6
BRF:0
BRH:0
end_of_record
TN:
SF:E:\Back up\Bootcamps\globant-bootcamps-node\exercises\chapter_7\src\api-server\models\role.js
FN:2,(anonymous_0)
FN:10,(anonymous_1)
FNF:2
FNH:2
FNDA:2,(anonymous_0)
FNDA:2,(anonymous_1)
DA:2,2
DA:3,2
DA:10,2
DA:11,2
DA:19,2
LF:5
LH:5
BRF:0
BRH:0
end_of_record
TN:
SF:E:\Back up\Bootcamps\globant-bootcamps-node\exercises\chapter_7\src\api-server\models\user.js
FN:2,(anonymous_0)
FN:14,(anonymous_1)
FNF:2
FNH:2
FNDA:2,(anonymous_0)
FNDA:2,(anonymous_1)
DA:2,2
DA:3,2
DA:14,2
DA:15,2
DA:20,2
LF:5
LH:5
BRF:0
BRH:0
end_of_record
TN:
SF:E:\Back up\Bootcamps\globant-bootcamps-node\exercises\chapter_7\src\api-server\resources\validate.js
FN:11,id
FN:17,(anonymous_1)
FNF:2
FNH:2
FNDA:2,id
FNDA:2,(anonymous_1)
DA:3,1
DA:5,1
DA:12,2
DA:17,2
DA:18,2
DA:19,1
DA:23,1
DA:24,1
LF:8
LH:8
BRDA:18,0,0,1
BRDA:18,0,1,1
BRF:2
BRH:2
end_of_record
TN:
SF:E:\Back up\Bootcamps\globant-bootcamps-node\exercises\chapter_7\src\api-server\resources\profiles\validate.js
FN:12,allProfileData
FN:19,(anonymous_1)
FN:29,profileData
FN:34,(anonymous_3)
FNF:4
FNH:4
FNDA:2,allProfileData
FNDA:2,(anonymous_1)
FNDA:2,profileData
FNDA:2,(anonymous_3)
DA:3,1
DA:5,1
DA:13,2
DA:19,2
DA:20,2
DA:21,1
DA:23,1
DA:24,1
DA:30,2
DA:34,2
DA:35,2
DA:36,1
DA:38,1
DA:39,1
LF:14
LH:14
BRDA:20,0,0,1
BRDA:20,0,1,1
BRDA:35,1,0,1
BRDA:35,1,1,1
BRF:4
BRH:4
end_of_record
TN:
SF:E:\Back up\Bootcamps\globant-bootcamps-node\exercises\chapter_7\src\api-server\resources\roles\controllers.js
FN:24,getAll
FN:30,(anonymous_1)
FN:33,(anonymous_2)
FN:38,getRoleById
FN:44,(anonymous_4)
FN:51,(anonymous_5)
FN:56,createRole
FN:60,(anonymous_7)
FN:63,(anonymous_8)
FN:68,modifyRole
FN:70,(anonymous_10)
FN:77,(anonymous_11)
FN:82,deleteRole
FN:84,(anonymous_13)
FN:91,(anonymous_14)
FNF:15
FNH:15
FNDA:2,getAll
FNDA:1,(anonymous_1)
FNDA:1,(anonymous_2)
FNDA:3,getRoleById
FNDA:2,(anonymous_4)
FNDA:1,(anonymous_5)
FNDA:2,createRole
FNDA:1,(anonymous_7)
FNDA:1,(anonymous_8)
FNDA:4,modifyRole
FNDA:3,(anonymous_10)
FNDA:1,(anonymous_11)
FNDA:2,deleteRole
FNDA:1,(anonymous_13)
FNDA:1,(anonymous_14)
DA:4,1
DA:6,1
DA:25,2
DA:31,1
DA:34,1
DA:39,3
DA:45,2
DA:46,1
DA:48,1
DA:52,1
DA:57,2
DA:61,1
DA:64,1
DA:69,4
DA:71,3
DA:72,1
DA:74,2
DA:78,1
DA:83,2
DA:85,1
DA:86,1
DA:88,0
DA:92,1
LF:23
LH:22
BRDA:45,0,0,1
BRDA:45,0,1,1
BRDA:71,1,0,1
BRDA:71,1,1,2
BRDA:85,2,0,1
BRDA:85,2,1,0
BRF:6
BRH:5
end_of_record
TN:
SF:E:\Back up\Bootcamps\globant-bootcamps-node\exercises\chapter_7\src\api-server\resources\roles\validate.js
FN:10,roleData
FN:16,(anonymous_1)
FNF:2
FNH:2
FNDA:2,roleData
FNDA:2,(anonymous_1)
DA:2,1
DA:4,1
DA:11,2
DA:16,2
DA:17,2
DA:18,1
DA:20,1
DA:21,1
LF:8
LH:8
BRDA:17,0,0,1
BRDA:17,0,1,1
BRF:2
BRH:2
end_of_record
TN:
SF:E:\Back up\Bootcamps\globant-bootcamps-node\exercises\chapter_7\src\api-server\resources\users\controllers.js
FN:25,getAll
FN:37,(anonymous_1)
FN:40,(anonymous_2)
FN:45,getUserByID
FN:57,(anonymous_4)
FN:64,(anonymous_5)
FN:69,createUser
FN:71,(anonymous_7)
FN:74,(anonymous_8)
FN:79,modifyUser
FN:81,(anonymous_10)
FN:88,(anonymous_11)
FN:93,deleteUser
FN:98,(anonymous_13)
FN:105,(anonymous_14)
FNF:15
FNH:15
FNDA:2,getAll
FNDA:1,(anonymous_1)
FNDA:1,(anonymous_2)
FNDA:3,getUserByID
FNDA:2,(anonymous_4)
FNDA:1,(anonymous_5)
FNDA:2,createUser
FNDA:1,(anonymous_7)
FNDA:1,(anonymous_8)
FNDA:3,modifyUser
FNDA:2,(anonymous_10)
FNDA:1,(anonymous_11)
FNDA:3,deleteUser
FNDA:2,(anonymous_13)
FNDA:1,(anonymous_14)
DA:4,1
DA:6,1
DA:26,2
DA:38,1
DA:41,1
DA:46,3
DA:58,2
DA:59,1
DA:61,1
DA:65,1
DA:70,2
DA:72,1
DA:75,1
DA:80,3
DA:82,2
DA:83,1
DA:85,1
DA:89,1
DA:94,3
DA:99,2
DA:100,1
DA:102,1
DA:106,1
LF:23
LH:23
BRDA:58,0,0,1
BRDA:58,0,1,1
BRDA:82,1,0,1
BRDA:82,1,1,1
BRDA:99,2,0,1
BRDA:99,2,1,1
BRF:6
BRH:6
end_of_record
TN:
SF:E:\Back up\Bootcamps\globant-bootcamps-node\exercises\chapter_7\src\api-server\resources\users\validate.js
FN:13,allUserData
FN:31,(anonymous_1)
FN:41,userData
FN:52,(anonymous_3)
FNF:4
FNH:4
FNDA:2,allUserData
FNDA:2,(anonymous_1)
FNDA:2,userData
FNDA:2,(anonymous_3)
DA:3,1
DA:5,1
DA:14,2
DA:31,2
DA:32,2
DA:33,1
DA:35,1
DA:36,1
DA:42,2
DA:52,2
DA:53,2
DA:54,1
DA:56,1
DA:57,1
LF:14
LH:14
BRDA:32,0,0,1
BRDA:32,0,1,1
BRDA:53,1,0,1
BRDA:53,1,1,1
BRF:4
BRH:4
end_of_record
TN:
SF:E:\Back up\Bootcamps\globant-bootcamps-node\exercises\chapter_7\src\test-helpers\profiles.js
FNF:0
FNH:0
DA:6,1
DA:27,1
LF:2
LH:2
BRF:0
BRH:0
end_of_record
TN:
SF:E:\Back up\Bootcamps\globant-bootcamps-node\exercises\chapter_7\src\test-helpers\roles.js
FNF:0
FNH:0
DA:6,1
DA:24,1
LF:2
LH:2
BRF:0
BRH:0
end_of_record
TN:
SF:E:\Back up\Bootcamps\globant-bootcamps-node\exercises\chapter_7\src\test-helpers\users.js
FNF:0
FNH:0
DA:6,2
DA:39,2
LF:2
LH:2
BRF:0
BRH:0
end_of_record
