TN:
SF:E:\Back up\Bootcamps\globant-bootcamps-node\exercises\chapter_7\src\api-server\models\index.js
FN:20,(anonymous_0)
FN:23,(anonymous_1)
FN:28,(anonymous_2)
FNF:3
FNH:3
FNDA:4,(anonymous_0)
FNDA:3,(anonymous_1)
FNDA:3,(anonymous_2)
DA:3,1
DA:4,1
DA:5,1
DA:6,1
DA:7,1
DA:8,1
DA:9,1
DA:12,1
DA:13,0
DA:15,1
DA:18,1
DA:21,4
DA:24,3
DA:25,3
DA:28,1
DA:29,3
DA:30,3
DA:34,1
DA:35,1
DA:37,1
LF:20
LH:19
BRDA:7,0,0,1
BRDA:7,0,1,0
BRDA:12,1,0,0
BRDA:12,1,1,1
BRDA:21,2,0,4
BRDA:21,2,1,4
BRDA:21,2,2,3
BRDA:29,3,0,3
BRDA:29,3,1,0
BRF:9
BRH:6
end_of_record
TN:
SF:E:\Back up\Bootcamps\globant-bootcamps-node\exercises\chapter_7\src\api-server\models\profile.js
FN:2,(anonymous_0)
FN:11,(anonymous_1)
FNF:2
FNH:2
FNDA:1,(anonymous_0)
FNDA:1,(anonymous_1)
DA:2,1
DA:3,1
DA:11,1
DA:12,1
DA:13,1
DA:21,1
LF:6
LH:6
BRF:0
BRH:0
end_of_record
TN:
SF:E:\Back up\Bootcamps\globant-bootcamps-node\exercises\chapter_7\src\api-server\models\role.js
FN:2,(anonymous_0)
FN:10,(anonymous_1)
FNF:2
FNH:2
FNDA:1,(anonymous_0)
FNDA:1,(anonymous_1)
DA:2,1
DA:3,1
DA:10,1
DA:11,1
DA:19,1
LF:5
LH:5
BRF:0
BRH:0
end_of_record
TN:
SF:E:\Back up\Bootcamps\globant-bootcamps-node\exercises\chapter_7\src\api-server\models\user.js
FN:2,(anonymous_0)
FN:14,(anonymous_1)
FNF:2
FNH:2
FNDA:1,(anonymous_0)
FNDA:1,(anonymous_1)
DA:2,1
DA:3,1
DA:14,1
DA:15,1
DA:20,1
LF:5
LH:5
BRF:0
BRH:0
end_of_record
TN:
SF:E:\Back up\Bootcamps\globant-bootcamps-node\exercises\chapter_7\src\api-server\resources\users\controllers.js
FN:25,getAll
FN:37,(anonymous_1)
FN:40,(anonymous_2)
FN:45,getUserByID
FN:57,(anonymous_4)
FN:64,(anonymous_5)
FN:69,createUser
FN:71,(anonymous_7)
FN:74,(anonymous_8)
FN:79,modifyUser
FN:81,(anonymous_10)
FN:88,(anonymous_11)
FN:93,deleteUser
FN:95,(anonymous_13)
FN:102,(anonymous_14)
FNF:15
FNH:15
FNDA:3,getAll
FNDA:1,(anonymous_1)
FNDA:2,(anonymous_2)
FNDA:3,getUserByID
FNDA:2,(anonymous_4)
FNDA:1,(anonymous_5)
FNDA:2,createUser
FNDA:1,(anonymous_7)
FNDA:1,(anonymous_8)
FNDA:3,modifyUser
FNDA:2,(anonymous_10)
FNDA:1,(anonymous_11)
FNDA:3,deleteUser
FNDA:2,(anonymous_13)
FNDA:1,(anonymous_14)
DA:4,1
DA:6,1
DA:26,3
DA:38,1
DA:41,2
DA:46,3
DA:58,2
DA:59,1
DA:61,1
DA:65,1
DA:70,2
DA:72,1
DA:75,1
DA:80,3
DA:82,2
DA:83,1
DA:85,1
DA:89,1
DA:94,3
DA:96,2
DA:97,1
DA:99,1
DA:103,1
LF:23
LH:23
BRDA:58,0,0,1
BRDA:58,0,1,1
BRDA:82,1,0,1
BRDA:82,1,1,1
BRDA:96,2,0,1
BRDA:96,2,1,1
BRF:6
BRH:6
end_of_record
TN:
SF:E:\Back up\Bootcamps\globant-bootcamps-node\exercises\chapter_7\src\test-helpers\users.js
FNF:0
FNH:0
DA:6,1
DA:39,1
LF:2
LH:2
BRF:0
BRH:0
end_of_record
